mode: atomic
github.com/ben1009/truss/gengokit/gentesthelper/helper.go:20.54,31.16 8 0
github.com/ben1009/truss/gengokit/gentesthelper/helper.go:36.2,37.37 2 0
github.com/ben1009/truss/gengokit/gentesthelper/helper.go:43.2,46.16 3 0
github.com/ben1009/truss/gengokit/gentesthelper/helper.go:50.2,50.27 1 0
github.com/ben1009/truss/gengokit/gentesthelper/helper.go:31.16,33.3 1 0
github.com/ben1009/truss/gengokit/gentesthelper/helper.go:37.37,38.71 1 0
github.com/ben1009/truss/gengokit/gentesthelper/helper.go:38.71,40.9 2 0
github.com/ben1009/truss/gengokit/gentesthelper/helper.go:46.16,48.3 1 0
github.com/ben1009/truss/gengokit/gentesthelper/helper.go:55.38,65.2 3 4
github.com/ben1009/truss/gengokit/gentesthelper/helper.go:70.60,71.39 1 4
github.com/ben1009/truss/gengokit/gentesthelper/helper.go:85.2,91.8 4 4
github.com/ben1009/truss/gengokit/gentesthelper/helper.go:71.39,79.17 3 8
github.com/ben1009/truss/gengokit/gentesthelper/helper.go:79.17,81.4 1 0
github.com/ben1009/truss/gengokit/gentesthelper/helper.go:81.9,83.4 1 8
github.com/ben1009/truss/gengokit/gentesthelper/helper.go:96.46,98.16 2 0
github.com/ben1009/truss/gengokit/gentesthelper/helper.go:102.2,102.31 1 0
github.com/ben1009/truss/gengokit/gentesthelper/helper.go:98.16,100.3 1 0
github.com/ben1009/truss/svcdef/svcparse/scanner.go:20.50,24.36 3 5518
github.com/ben1009/truss/svcdef/svcparse/scanner.go:33.2,33.19 1 5518
github.com/ben1009/truss/svcdef/svcparse/scanner.go:24.36,26.20 2 5480
github.com/ben1009/truss/svcdef/svcparse/scanner.go:29.3,29.20 1 5480
github.com/ben1009/truss/svcdef/svcparse/scanner.go:26.20,28.4 1 232
github.com/ben1009/truss/svcdef/svcparse/scanner.go:30.8,32.3 1 38
github.com/ben1009/truss/svcdef/svcparse/scanner.go:36.44,37.23 1 653
github.com/ben1009/truss/svcdef/svcparse/scanner.go:40.2,41.37 2 653
github.com/ben1009/truss/svcdef/svcparse/scanner.go:45.2,45.12 1 653
github.com/ben1009/truss/svcdef/svcparse/scanner.go:37.23,39.3 1 0
github.com/ben1009/truss/svcdef/svcparse/scanner.go:42.12,43.19 1 13
github.com/ben1009/truss/svcdef/svcparse/scanner.go:48.45,58.2 3 46
github.com/ben1009/truss/svcdef/svcparse/scanner.go:60.27,61.9 1 2688
github.com/ben1009/truss/svcdef/svcparse/scanner.go:62.27,63.14 1 1776
github.com/ben1009/truss/svcdef/svcparse/scanner.go:64.26,65.14 1 8
github.com/ben1009/truss/svcdef/svcparse/scanner.go:66.16,67.14 1 10
github.com/ben1009/truss/svcdef/svcparse/scanner.go:68.10,69.15 1 894
github.com/ben1009/truss/svcdef/svcparse/scanner.go:81.38,86.2 4 0
github.com/ben1009/truss/svcdef/svcparse/scanner.go:94.55,104.32 4 1099
github.com/ben1009/truss/svcdef/svcparse/scanner.go:115.2,116.16 2 1099
github.com/ben1009/truss/svcdef/svcparse/scanner.go:119.2,121.9 2 1076
github.com/ben1009/truss/svcdef/svcparse/scanner.go:243.2,243.25 1 945
github.com/ben1009/truss/svcdef/svcparse/scanner.go:104.32,111.3 6 1099
github.com/ben1009/truss/svcdef/svcparse/scanner.go:116.16,118.3 1 23
github.com/ben1009/truss/svcdef/svcparse/scanner.go:122.17,125.17 2 80
github.com/ben1009/truss/svcdef/svcparse/scanner.go:166.17,168.7 1 36
github.com/ben1009/truss/svcdef/svcparse/scanner.go:189.27,191.7 1 423
github.com/ben1009/truss/svcdef/svcparse/scanner.go:207.19,209.7 1 245
github.com/ben1009/truss/svcdef/svcparse/scanner.go:225.17,227.16 2 54
github.com/ben1009/truss/svcdef/svcparse/scanner.go:231.17,233.34 2 54
github.com/ben1009/truss/svcdef/svcparse/scanner.go:125.17,127.4 1 0
github.com/ben1009/truss/svcdef/svcparse/scanner.go:127.9,127.23 1 80
github.com/ben1009/truss/svcdef/svcparse/scanner.go:127.23,130.8 2 38
github.com/ben1009/truss/svcdef/svcparse/scanner.go:130.8,132.19 2 1024
github.com/ben1009/truss/svcdef/svcparse/scanner.go:138.5,138.26 1 986
github.com/ben1009/truss/svcdef/svcparse/scanner.go:132.19,134.6 1 0
github.com/ben1009/truss/svcdef/svcparse/scanner.go:134.11,134.26 1 1024
github.com/ben1009/truss/svcdef/svcparse/scanner.go:134.26,137.6 2 38
github.com/ben1009/truss/svcdef/svcparse/scanner.go:140.9,140.23 1 42
github.com/ben1009/truss/svcdef/svcparse/scanner.go:140.23,143.8 2 42
github.com/ben1009/truss/svcdef/svcparse/scanner.go:143.8,145.19 2 439
github.com/ben1009/truss/svcdef/svcparse/scanner.go:145.19,147.6 1 0
github.com/ben1009/truss/svcdef/svcparse/scanner.go:147.11,147.25 1 439
github.com/ben1009/truss/svcdef/svcparse/scanner.go:147.25,150.20 3 42
github.com/ben1009/truss/svcdef/svcparse/scanner.go:150.20,152.7 1 0
github.com/ben1009/truss/svcdef/svcparse/scanner.go:152.12,152.26 1 42
github.com/ben1009/truss/svcdef/svcparse/scanner.go:152.26,155.7 2 42
github.com/ben1009/truss/svcdef/svcparse/scanner.go:156.11,159.6 1 397
github.com/ben1009/truss/svcdef/svcparse/scanner.go:161.9,165.4 2 0
github.com/ben1009/truss/svcdef/svcparse/scanner.go:168.7,170.18 2 426
github.com/ben1009/truss/svcdef/svcparse/scanner.go:170.18,172.5 1 0
github.com/ben1009/truss/svcdef/svcparse/scanner.go:172.10,172.25 1 426
github.com/ben1009/truss/svcdef/svcparse/scanner.go:172.25,176.19 3 0
github.com/ben1009/truss/svcdef/svcparse/scanner.go:176.19,178.6 1 0
github.com/ben1009/truss/svcdef/svcparse/scanner.go:178.11,180.6 1 0
github.com/ben1009/truss/svcdef/svcparse/scanner.go:181.10,181.24 1 426
github.com/ben1009/truss/svcdef/svcparse/scanner.go:181.24,185.5 2 36
github.com/ben1009/truss/svcdef/svcparse/scanner.go:185.10,187.5 1 390
github.com/ben1009/truss/svcdef/svcparse/scanner.go:191.7,193.18 2 835
github.com/ben1009/truss/svcdef/svcparse/scanner.go:205.4,205.25 1 412
github.com/ben1009/truss/svcdef/svcparse/scanner.go:193.18,197.22 1 6
github.com/ben1009/truss/svcdef/svcparse/scanner.go:200.5,200.28 1 0
github.com/ben1009/truss/svcdef/svcparse/scanner.go:197.22,199.6 1 6
github.com/ben1009/truss/svcdef/svcparse/scanner.go:201.10,201.35 1 829
github.com/ben1009/truss/svcdef/svcparse/scanner.go:201.35,203.10 2 417
github.com/ben1009/truss/svcdef/svcparse/scanner.go:209.7,211.18 2 1573
github.com/ben1009/truss/svcdef/svcparse/scanner.go:223.4,223.25 1 1328
github.com/ben1009/truss/svcdef/svcparse/scanner.go:211.18,212.22 1 9
github.com/ben1009/truss/svcdef/svcparse/scanner.go:215.5,215.28 1 0
github.com/ben1009/truss/svcdef/svcparse/scanner.go:212.22,214.6 1 9
github.com/ben1009/truss/svcdef/svcparse/scanner.go:216.10,216.27 1 1564
github.com/ben1009/truss/svcdef/svcparse/scanner.go:216.27,218.33 2 236
github.com/ben1009/truss/svcdef/svcparse/scanner.go:221.5,221.10 1 236
github.com/ben1009/truss/svcdef/svcparse/scanner.go:218.33,220.6 1 20
github.com/ben1009/truss/svcdef/svcparse/scanner.go:227.16,230.4 2 13
github.com/ben1009/truss/svcdef/svcparse/scanner.go:233.34,235.4 1 13
github.com/ben1009/truss/svcdef/svcparse/scanner.go:265.45,268.6 3 23
github.com/ben1009/truss/svcdef/svcparse/scanner.go:276.2,283.3 1 23
github.com/ben1009/truss/svcdef/svcparse/scanner.go:268.6,270.17 2 1099
github.com/ben1009/truss/svcdef/svcparse/scanner.go:270.17,272.4 1 1076
github.com/ben1009/truss/svcdef/svcparse/scanner.go:272.9,273.9 1 23
github.com/ben1009/truss/svcdef/svcparse/scanner.go:289.45,290.38 1 110
github.com/ben1009/truss/svcdef/svcparse/scanner.go:293.2,294.6 2 27
github.com/ben1009/truss/svcdef/svcparse/scanner.go:304.2,304.12 1 16
github.com/ben1009/truss/svcdef/svcparse/scanner.go:290.38,292.3 1 83
github.com/ben1009/truss/svcdef/svcparse/scanner.go:294.6,296.17 2 47
github.com/ben1009/truss/svcdef/svcparse/scanner.go:299.3,299.32 1 36
github.com/ben1009/truss/svcdef/svcparse/scanner.go:296.17,298.4 1 11
github.com/ben1009/truss/svcdef/svcparse/scanner.go:299.32,301.9 2 16
github.com/ben1009/truss/svcdef/svcparse/scanner.go:310.52,313.34 3 1184
github.com/ben1009/truss/svcdef/svcparse/scanner.go:328.2,328.16 1 1184
github.com/ben1009/truss/svcdef/svcparse/scanner.go:313.34,324.3 7 1167
github.com/ben1009/truss/svcdef/svcparse/scanner.go:324.8,326.3 1 17
github.com/ben1009/truss/svcdef/svcparse/scanner.go:331.44,332.23 1 75
github.com/ben1009/truss/svcdef/svcparse/scanner.go:337.2,337.23 1 75
github.com/ben1009/truss/svcdef/svcparse/scanner.go:344.2,355.12 7 75
github.com/ben1009/truss/svcdef/svcparse/scanner.go:332.23,334.3 1 0
github.com/ben1009/truss/svcdef/svcparse/scanner.go:337.23,343.3 5 0
github.com/ben1009/truss/svcdef/svcparse/scanner.go:358.62,359.6 1 50
github.com/ben1009/truss/svcdef/svcparse/scanner.go:369.2,369.12 1 50
github.com/ben1009/truss/svcdef/svcparse/scanner.go:359.6,360.31 1 125
github.com/ben1009/truss/svcdef/svcparse/scanner.go:360.31,362.18 2 75
github.com/ben1009/truss/svcdef/svcparse/scanner.go:362.18,364.5 1 0
github.com/ben1009/truss/svcdef/svcparse/scanner.go:365.9,366.9 1 50
github.com/ben1009/truss/svcdef/svcparse/scanner.go:372.45,374.2 1 971
github.com/ben1009/truss/svcdef/svcparse/token.go:46.35,48.2 1 0
github.com/ben1009/truss/svcdef/svcparse/token.go:56.40,61.2 4 0
github.com/ben1009/truss/svcdef/svcparse/lexer.go:10.49,14.25 1 961
github.com/ben1009/truss/svcdef/svcparse/lexer.go:24.2,25.16 2 950
github.com/ben1009/truss/svcdef/svcparse/lexer.go:32.2,32.9 1 946
github.com/ben1009/truss/svcdef/svcparse/lexer.go:14.25,16.17 2 109
github.com/ben1009/truss/svcdef/svcparse/lexer.go:16.17,17.21 1 11
github.com/ben1009/truss/svcdef/svcparse/lexer.go:17.21,19.5 1 11
github.com/ben1009/truss/svcdef/svcparse/lexer.go:19.10,21.5 1 0
github.com/ben1009/truss/svcdef/svcparse/lexer.go:25.16,26.20 1 4
github.com/ben1009/truss/svcdef/svcparse/lexer.go:29.3,29.68 1 0
github.com/ben1009/truss/svcdef/svcparse/lexer.go:26.20,28.4 1 4
github.com/ben1009/truss/svcdef/svcparse/lexer.go:33.22,34.55 1 0
github.com/ben1009/truss/svcdef/svcparse/lexer.go:35.32,36.68 1 359
github.com/ben1009/truss/svcdef/svcparse/lexer.go:37.24,38.63 1 221
github.com/ben1009/truss/svcdef/svcparse/lexer.go:39.22,40.72 1 33
github.com/ben1009/truss/svcdef/svcparse/lexer.go:41.22,42.68 1 45
github.com/ben1009/truss/svcdef/svcparse/lexer.go:43.22,44.69 1 45
github.com/ben1009/truss/svcdef/svcparse/lexer.go:45.22,46.68 1 50
github.com/ben1009/truss/svcdef/svcparse/lexer.go:47.22,48.69 1 50
github.com/ben1009/truss/svcdef/svcparse/lexer.go:49.39,53.7 2 50
github.com/ben1009/truss/svcdef/svcparse/lexer.go:86.3,86.56 1 50
github.com/ben1009/truss/svcdef/svcparse/lexer.go:87.22,88.64 1 93
github.com/ben1009/truss/svcdef/svcparse/lexer.go:89.10,90.65 1 0
github.com/ben1009/truss/svcdef/svcparse/lexer.go:53.7,56.18 3 74
github.com/ben1009/truss/svcdef/svcparse/lexer.go:59.4,60.37 2 74
github.com/ben1009/truss/svcdef/svcparse/lexer.go:56.18,57.15 1 0
github.com/ben1009/truss/svcdef/svcparse/lexer.go:60.37,62.5 1 3
github.com/ben1009/truss/svcdef/svcparse/lexer.go:62.10,62.38 1 71
github.com/ben1009/truss/svcdef/svcparse/lexer.go:62.38,63.41 1 69
github.com/ben1009/truss/svcdef/svcparse/lexer.go:63.41,65.20 2 46
github.com/ben1009/truss/svcdef/svcparse/lexer.go:68.6,69.39 2 46
github.com/ben1009/truss/svcdef/svcparse/lexer.go:65.20,66.17 1 0
github.com/ben1009/truss/svcdef/svcparse/lexer.go:69.39,73.7 1 21
github.com/ben1009/truss/svcdef/svcparse/lexer.go:73.12,75.12 2 25
github.com/ben1009/truss/svcdef/svcparse/lexer.go:77.11,79.11 2 23
github.com/ben1009/truss/svcdef/svcparse/lexer.go:81.10,83.10 2 2
github.com/ben1009/truss/svcdef/svcparse/lexer.go:95.41,98.6 3 15
github.com/ben1009/truss/svcdef/svcparse/lexer.go:106.2,110.3 1 15
github.com/ben1009/truss/svcdef/svcparse/lexer.go:98.6,100.47 2 961
github.com/ben1009/truss/svcdef/svcparse/lexer.go:100.47,102.4 1 946
github.com/ben1009/truss/svcdef/svcparse/lexer.go:102.9,103.9 1 15
github.com/ben1009/truss/svcdef/svcparse/lexer.go:122.42,124.2 1 31
github.com/ben1009/truss/svcdef/svcparse/lexer.go:127.44,129.2 1 17
github.com/ben1009/truss/svcdef/svcparse/lexer.go:132.51,136.34 3 995
github.com/ben1009/truss/svcdef/svcparse/lexer.go:147.2,147.16 1 995
github.com/ben1009/truss/svcdef/svcparse/lexer.go:136.34,143.3 5 991
github.com/ben1009/truss/svcdef/svcparse/lexer.go:143.8,145.3 1 4
github.com/ben1009/truss/svcdef/svcparse/lexer.go:151.43,152.22 1 46
github.com/ben1009/truss/svcdef/svcparse/lexer.go:155.2,157.12 3 45
github.com/ben1009/truss/svcdef/svcparse/lexer.go:152.22,154.3 1 1
github.com/ben1009/truss/svcdef/svcparse/lexer.go:161.60,162.6 1 5
github.com/ben1009/truss/svcdef/svcparse/lexer.go:172.2,172.12 1 5
github.com/ben1009/truss/svcdef/svcparse/lexer.go:162.6,163.38 1 10
github.com/ben1009/truss/svcdef/svcparse/lexer.go:163.38,165.18 2 5
github.com/ben1009/truss/svcdef/svcparse/lexer.go:165.18,167.5 1 0
github.com/ben1009/truss/svcdef/svcparse/lexer.go:168.9,169.9 1 5
github.com/ben1009/truss/svcdef/svcparse/lexer.go:176.77,177.6 1 30
github.com/ben1009/truss/svcdef/svcparse/lexer.go:177.6,179.38 2 51
github.com/ben1009/truss/svcdef/svcparse/lexer.go:179.38,181.4 1 30
github.com/ben1009/truss/svcdef/svcparse/lexer.go:185.72,186.6 1 561
github.com/ben1009/truss/svcdef/svcparse/lexer.go:186.6,188.21 2 885
github.com/ben1009/truss/svcdef/svcparse/lexer.go:188.21,190.4 1 561
github.com/ben1009/truss/svcdef/svcparse/lexer.go:195.67,197.2 1 561
github.com/ben1009/truss/svcdef/svcparse/parser.go:31.41,33.2 1 0
github.com/ben1009/truss/svcdef/svcparse/parser.go:35.40,37.2 1 0
github.com/ben1009/truss/svcdef/svcparse/parser.go:39.68,43.2 1 0
github.com/ben1009/truss/svcdef/svcparse/parser.go:51.36,53.2 1 0
github.com/ben1009/truss/svcdef/svcparse/parser.go:57.57,58.6 1 33
github.com/ben1009/truss/svcdef/svcparse/parser.go:58.6,60.33 2 154
github.com/ben1009/truss/svcdef/svcparse/parser.go:60.33,62.4 1 0
github.com/ben1009/truss/svcdef/svcparse/parser.go:62.9,62.26 1 154
github.com/ben1009/truss/svcdef/svcparse/parser.go:62.26,64.4 1 33
github.com/ben1009/truss/svcdef/svcparse/parser.go:164.52,166.15 2 11
github.com/ben1009/truss/svcdef/svcparse/parser.go:169.2,169.37 1 11
github.com/ben1009/truss/svcdef/svcparse/parser.go:177.2,180.17 3 11
github.com/ben1009/truss/svcdef/svcparse/parser.go:187.2,190.22 3 11
github.com/ben1009/truss/svcdef/svcparse/parser.go:199.2,199.6 1 11
github.com/ben1009/truss/svcdef/svcparse/parser.go:212.2,212.19 1 11
github.com/ben1009/truss/svcdef/svcparse/parser.go:166.15,168.3 1 0
github.com/ben1009/truss/svcdef/svcparse/parser.go:169.37,175.3 1 0
github.com/ben1009/truss/svcdef/svcparse/parser.go:180.17,186.3 1 0
github.com/ben1009/truss/svcdef/svcparse/parser.go:190.22,196.3 1 0
github.com/ben1009/truss/svcdef/svcparse/parser.go:199.6,201.17 2 26
github.com/ben1009/truss/svcdef/svcparse/parser.go:205.3,205.17 1 26
github.com/ben1009/truss/svcdef/svcparse/parser.go:201.17,203.4 1 0
github.com/ben1009/truss/svcdef/svcparse/parser.go:205.17,207.4 1 15
github.com/ben1009/truss/svcdef/svcparse/parser.go:207.9,208.9 1 11
github.com/ben1009/truss/svcdef/svcparse/parser.go:215.50,219.6 3 26
github.com/ben1009/truss/svcdef/svcparse/parser.go:228.2,228.9 1 26
github.com/ben1009/truss/svcdef/svcparse/parser.go:240.2,244.17 4 15
github.com/ben1009/truss/svcdef/svcparse/parser.go:251.2,257.22 3 15
github.com/ben1009/truss/svcdef/svcparse/parser.go:265.2,268.21 2 15
github.com/ben1009/truss/svcdef/svcparse/parser.go:271.2,271.17 1 15
github.com/ben1009/truss/svcdef/svcparse/parser.go:284.2,284.68 1 15
github.com/ben1009/truss/svcdef/svcparse/parser.go:298.2,299.37 2 15
github.com/ben1009/truss/svcdef/svcparse/parser.go:307.2,308.22 2 15
github.com/ben1009/truss/svcdef/svcparse/parser.go:316.2,319.21 2 15
github.com/ben1009/truss/svcdef/svcparse/parser.go:322.2,322.17 1 15
github.com/ben1009/truss/svcdef/svcparse/parser.go:335.2,335.68 1 15
github.com/ben1009/truss/svcdef/svcparse/parser.go:349.2,350.16 2 15
github.com/ben1009/truss/svcdef/svcparse/parser.go:361.2,362.16 2 15
github.com/ben1009/truss/svcdef/svcparse/parser.go:366.2,366.21 1 15
github.com/ben1009/truss/svcdef/svcparse/parser.go:369.2,374.32 3 15
github.com/ben1009/truss/svcdef/svcparse/parser.go:382.2,383.23 2 15
github.com/ben1009/truss/svcdef/svcparse/parser.go:391.2,391.19 1 15
github.com/ben1009/truss/svcdef/svcparse/parser.go:219.6,220.20 1 32
github.com/ben1009/truss/svcdef/svcparse/parser.go:220.20,223.4 2 6
github.com/ben1009/truss/svcdef/svcparse/parser.go:223.9,224.9 1 26
github.com/ben1009/truss/svcdef/svcparse/parser.go:230.25,231.18 1 11
github.com/ben1009/truss/svcdef/svcparse/parser.go:232.35,237.4 1 0
github.com/ben1009/truss/svcdef/svcparse/parser.go:244.17,250.3 1 0
github.com/ben1009/truss/svcdef/svcparse/parser.go:257.22,263.3 1 0
github.com/ben1009/truss/svcdef/svcparse/parser.go:268.21,270.3 1 4
github.com/ben1009/truss/svcdef/svcparse/parser.go:271.17,277.3 1 0
github.com/ben1009/truss/svcdef/svcparse/parser.go:284.68,285.13 1 15
github.com/ben1009/truss/svcdef/svcparse/parser.go:286.15,286.15 0 0
github.com/ben1009/truss/svcdef/svcparse/parser.go:287.14,288.27 1 15
github.com/ben1009/truss/svcdef/svcparse/parser.go:289.11,294.5 1 0
github.com/ben1009/truss/svcdef/svcparse/parser.go:299.37,305.3 1 0
github.com/ben1009/truss/svcdef/svcparse/parser.go:308.22,314.3 1 0
github.com/ben1009/truss/svcdef/svcparse/parser.go:319.21,321.3 1 4
github.com/ben1009/truss/svcdef/svcparse/parser.go:322.17,328.3 1 0
github.com/ben1009/truss/svcdef/svcparse/parser.go:335.68,336.13 1 15
github.com/ben1009/truss/svcdef/svcparse/parser.go:337.15,337.15 0 0
github.com/ben1009/truss/svcdef/svcparse/parser.go:338.14,339.28 1 15
github.com/ben1009/truss/svcdef/svcparse/parser.go:340.11,345.5 1 0
github.com/ben1009/truss/svcdef/svcparse/parser.go:350.16,353.3 1 0
github.com/ben1009/truss/svcdef/svcparse/parser.go:353.8,353.29 1 15
github.com/ben1009/truss/svcdef/svcparse/parser.go:353.29,359.3 1 0
github.com/ben1009/truss/svcdef/svcparse/parser.go:362.16,364.3 1 0
github.com/ben1009/truss/svcdef/svcparse/parser.go:366.21,368.3 1 0
github.com/ben1009/truss/svcdef/svcparse/parser.go:374.32,380.3 1 0
github.com/ben1009/truss/svcdef/svcparse/parser.go:383.23,389.3 1 0
github.com/ben1009/truss/svcdef/svcparse/parser.go:394.63,408.6 4 20
github.com/ben1009/truss/svcdef/svcparse/parser.go:423.2,423.9 1 20
github.com/ben1009/truss/svcdef/svcparse/parser.go:487.2,489.20 2 0
github.com/ben1009/truss/svcdef/svcparse/parser.go:408.6,409.20 1 24
github.com/ben1009/truss/svcdef/svcparse/parser.go:409.20,412.4 2 4
github.com/ben1009/truss/svcdef/svcparse/parser.go:412.9,412.40 1 20
github.com/ben1009/truss/svcdef/svcparse/parser.go:412.40,418.4 1 0
github.com/ben1009/truss/svcdef/svcparse/parser.go:418.9,419.9 1 20
github.com/ben1009/truss/svcdef/svcparse/parser.go:424.23,426.17 2 15
github.com/ben1009/truss/svcdef/svcparse/parser.go:429.3,430.17 2 15
github.com/ben1009/truss/svcdef/svcparse/parser.go:433.3,438.7 5 15
github.com/ben1009/truss/svcdef/svcparse/parser.go:466.36,468.17 2 5
github.com/ben1009/truss/svcdef/svcparse/parser.go:471.3,472.17 2 5
github.com/ben1009/truss/svcdef/svcparse/parser.go:475.3,478.17 4 5
github.com/ben1009/truss/svcdef/svcparse/parser.go:481.3,481.33 1 5
github.com/ben1009/truss/svcdef/svcparse/parser.go:482.18,484.18 1 0
github.com/ben1009/truss/svcdef/svcparse/parser.go:426.17,428.4 1 0
github.com/ben1009/truss/svcdef/svcparse/parser.go:430.17,432.4 1 0
github.com/ben1009/truss/svcdef/svcparse/parser.go:438.7,439.25 1 21
github.com/ben1009/truss/svcdef/svcparse/parser.go:464.4,464.44 1 6
github.com/ben1009/truss/svcdef/svcparse/parser.go:439.25,441.5 1 15
github.com/ben1009/truss/svcdef/svcparse/parser.go:441.10,441.28 1 6
github.com/ben1009/truss/svcdef/svcparse/parser.go:441.28,443.5 1 1
github.com/ben1009/truss/svcdef/svcparse/parser.go:443.10,443.43 1 5
github.com/ben1009/truss/svcdef/svcparse/parser.go:443.43,446.19 3 5
github.com/ben1009/truss/svcdef/svcparse/parser.go:449.5,450.37 2 5
github.com/ben1009/truss/svcdef/svcparse/parser.go:446.19,448.6 1 0
github.com/ben1009/truss/svcdef/svcparse/parser.go:451.10,451.41 1 0
github.com/ben1009/truss/svcdef/svcparse/parser.go:451.41,457.5 1 0
github.com/ben1009/truss/svcdef/svcparse/parser.go:457.10,463.5 1 0
github.com/ben1009/truss/svcdef/svcparse/parser.go:468.17,470.4 1 0
github.com/ben1009/truss/svcdef/svcparse/parser.go:472.17,474.4 1 0
github.com/ben1009/truss/svcdef/svcparse/parser.go:478.17,480.4 1 0
github.com/ben1009/truss/svcdef/svcparse/parser.go:492.86,494.6 2 24
github.com/ben1009/truss/svcdef/svcparse/parser.go:569.2,569.28 1 24
github.com/ben1009/truss/svcdef/svcparse/parser.go:494.6,496.7 2 61
github.com/ben1009/truss/svcdef/svcparse/parser.go:511.3,511.38 1 61
github.com/ben1009/truss/svcdef/svcparse/parser.go:519.3,519.22 1 37
github.com/ben1009/truss/svcdef/svcparse/parser.go:538.3,542.33 4 33
github.com/ben1009/truss/svcdef/svcparse/parser.go:550.3,551.27 2 33
github.com/ben1009/truss/svcdef/svcparse/parser.go:559.3,560.17 2 33
github.com/ben1009/truss/svcdef/svcparse/parser.go:563.3,566.19 3 33
github.com/ben1009/truss/svcdef/svcparse/parser.go:496.7,497.21 1 88
github.com/ben1009/truss/svcdef/svcparse/parser.go:497.21,500.5 2 27
github.com/ben1009/truss/svcdef/svcparse/parser.go:500.10,500.41 1 61
github.com/ben1009/truss/svcdef/svcparse/parser.go:500.41,506.5 1 0
github.com/ben1009/truss/svcdef/svcparse/parser.go:506.10,507.10 1 61
github.com/ben1009/truss/svcdef/svcparse/parser.go:511.38,513.9 2 19
github.com/ben1009/truss/svcdef/svcparse/parser.go:514.9,514.42 1 42
github.com/ben1009/truss/svcdef/svcparse/parser.go:514.42,516.9 2 5
github.com/ben1009/truss/svcdef/svcparse/parser.go:519.22,521.18 2 4
github.com/ben1009/truss/svcdef/svcparse/parser.go:526.4,527.18 2 4
github.com/ben1009/truss/svcdef/svcparse/parser.go:530.4,532.18 3 4
github.com/ben1009/truss/svcdef/svcparse/parser.go:535.4,535.12 1 4
github.com/ben1009/truss/svcdef/svcparse/parser.go:521.18,523.5 1 0
github.com/ben1009/truss/svcdef/svcparse/parser.go:527.18,529.5 1 0
github.com/ben1009/truss/svcdef/svcparse/parser.go:532.18,534.5 1 0
github.com/ben1009/truss/svcdef/svcparse/parser.go:542.33,548.4 1 0
github.com/ben1009/truss/svcdef/svcparse/parser.go:551.27,557.4 1 0
github.com/ben1009/truss/svcdef/svcparse/parser.go:560.17,562.4 1 0
github.com/ben1009/truss/deftree/associate_comments.go:15.13,25.2 3 1
github.com/ben1009/truss/deftree/associate_comments.go:28.32,33.2 4 0
github.com/ben1009/truss/deftree/associate_comments.go:36.47,38.26 2 0
github.com/ben1009/truss/deftree/associate_comments.go:44.2,44.11 1 0
github.com/ben1009/truss/deftree/associate_comments.go:38.26,40.24 2 0
github.com/ben1009/truss/deftree/associate_comments.go:40.24,42.4 1 0
github.com/ben1009/truss/deftree/associate_comments.go:50.96,54.51 1 0
github.com/ben1009/truss/deftree/associate_comments.go:72.2,72.104 1 0
github.com/ben1009/truss/deftree/associate_comments.go:54.51,62.20 5 0
github.com/ben1009/truss/deftree/associate_comments.go:66.3,66.48 1 0
github.com/ben1009/truss/deftree/associate_comments.go:62.20,64.4 1 0
github.com/ben1009/truss/deftree/associate_comments.go:66.48,69.4 1 0
github.com/ben1009/truss/deftree/associate_comments.go:77.70,78.25 1 0
github.com/ben1009/truss/deftree/associate_comments.go:81.2,81.26 1 0
github.com/ben1009/truss/deftree/associate_comments.go:78.25,79.107 1 0
github.com/ben1009/truss/deftree/associate_comments.go:136.72,142.21 3 0
github.com/ben1009/truss/deftree/associate_comments.go:158.2,158.20 1 0
github.com/ben1009/truss/deftree/associate_comments.go:162.2,163.16 2 0
github.com/ben1009/truss/deftree/associate_comments.go:169.2,169.20 1 0
github.com/ben1009/truss/deftree/associate_comments.go:176.2,176.35 1 0
github.com/ben1009/truss/deftree/associate_comments.go:187.2,187.33 1 0
github.com/ben1009/truss/deftree/associate_comments.go:191.2,195.37 3 0
github.com/ben1009/truss/deftree/associate_comments.go:201.2,205.16 3 0
github.com/ben1009/truss/deftree/associate_comments.go:208.2,208.46 1 0
github.com/ben1009/truss/deftree/associate_comments.go:143.22,144.38 1 0
github.com/ben1009/truss/deftree/associate_comments.go:145.19,146.21 1 0
github.com/ben1009/truss/deftree/associate_comments.go:147.10,148.36 1 0
github.com/ben1009/truss/deftree/associate_comments.go:148.36,151.4 2 0
github.com/ben1009/truss/deftree/associate_comments.go:151.9,153.4 1 0
github.com/ben1009/truss/deftree/associate_comments.go:158.20,160.3 1 0
github.com/ben1009/truss/deftree/associate_comments.go:163.16,165.3 1 0
github.com/ben1009/truss/deftree/associate_comments.go:169.20,172.3 2 0
github.com/ben1009/truss/deftree/associate_comments.go:176.35,181.17 3 0
github.com/ben1009/truss/deftree/associate_comments.go:184.3,184.47 1 0
github.com/ben1009/truss/deftree/associate_comments.go:181.17,183.4 1 0
github.com/ben1009/truss/deftree/associate_comments.go:187.33,190.3 2 0
github.com/ben1009/truss/deftree/associate_comments.go:195.37,197.3 1 0
github.com/ben1009/truss/deftree/associate_comments.go:197.8,199.3 1 0
github.com/ben1009/truss/deftree/associate_comments.go:205.16,207.3 1 0
github.com/ben1009/truss/deftree/associate_comments.go:213.43,226.2 9 0
github.com/ben1009/truss/deftree/associate_comments.go:230.70,231.42 1 0
github.com/ben1009/truss/deftree/associate_comments.go:231.42,234.42 2 0
github.com/ben1009/truss/deftree/associate_comments.go:239.3,239.11 1 0
github.com/ben1009/truss/deftree/associate_comments.go:242.3,243.47 2 0
github.com/ben1009/truss/deftree/associate_comments.go:234.42,235.29 1 0
github.com/ben1009/truss/deftree/associate_comments.go:235.29,237.5 1 0
github.com/ben1009/truss/deftree/associate_comments.go:239.11,240.12 1 0
github.com/ben1009/truss/deftree/associate_comments.go:243.47,249.66 2 0
github.com/ben1009/truss/deftree/associate_comments.go:249.66,259.32 2 0
github.com/ben1009/truss/deftree/associate_comments.go:259.32,262.6 2 0
github.com/ben1009/truss/deftree/associate_comments.go:262.11,265.20 3 0
github.com/ben1009/truss/deftree/associate_comments.go:265.20,267.7 1 0
github.com/ben1009/truss/deftree/associate_comments.go:267.12,269.75 2 0
github.com/ben1009/truss/deftree/associate_comments.go:269.75,271.8 1 0
github.com/ben1009/truss/deftree/build_deftree.go:26.50,33.2 6 0
github.com/ben1009/truss/deftree/build_deftree.go:37.84,45.37 6 0
github.com/ben1009/truss/deftree/build_deftree.go:71.2,74.16 3 0
github.com/ben1009/truss/deftree/build_deftree.go:79.2,79.17 1 0
github.com/ben1009/truss/deftree/build_deftree.go:45.37,48.51 1 0
github.com/ben1009/truss/deftree/build_deftree.go:53.3,54.17 2 0
github.com/ben1009/truss/deftree/build_deftree.go:58.3,58.32 1 0
github.com/ben1009/truss/deftree/build_deftree.go:63.3,63.39 1 0
github.com/ben1009/truss/deftree/build_deftree.go:48.51,49.12 1 0
github.com/ben1009/truss/deftree/build_deftree.go:54.17,56.4 1 0
github.com/ben1009/truss/deftree/build_deftree.go:58.32,61.4 2 0
github.com/ben1009/truss/deftree/build_deftree.go:74.16,77.3 2 0
github.com/ben1009/truss/deftree/build_deftree.go:84.66,88.16 3 0
github.com/ben1009/truss/deftree/build_deftree.go:91.2,96.16 4 0
github.com/ben1009/truss/deftree/build_deftree.go:100.2,101.16 2 0
github.com/ben1009/truss/deftree/build_deftree.go:105.2,106.16 2 0
github.com/ben1009/truss/deftree/build_deftree.go:110.2,110.21 1 0
github.com/ben1009/truss/deftree/build_deftree.go:88.16,90.3 1 0
github.com/ben1009/truss/deftree/build_deftree.go:96.16,98.3 1 0
github.com/ben1009/truss/deftree/build_deftree.go:101.16,103.3 1 0
github.com/ben1009/truss/deftree/build_deftree.go:106.16,108.3 1 0
github.com/ben1009/truss/deftree/build_deftree.go:114.66,115.50 1 0
github.com/ben1009/truss/deftree/build_deftree.go:122.2,122.11 1 0
github.com/ben1009/truss/deftree/build_deftree.go:115.50,116.48 1 0
github.com/ben1009/truss/deftree/build_deftree.go:116.48,117.38 1 0
github.com/ben1009/truss/deftree/build_deftree.go:117.38,119.5 1 0
github.com/ben1009/truss/deftree/build_deftree.go:128.56,132.38 3 0
github.com/ben1009/truss/deftree/build_deftree.go:140.2,140.40 1 0
github.com/ben1009/truss/deftree/build_deftree.go:148.2,148.37 1 0
github.com/ben1009/truss/deftree/build_deftree.go:161.2,161.39 1 0
github.com/ben1009/truss/deftree/build_deftree.go:177.2,177.22 1 0
github.com/ben1009/truss/deftree/build_deftree.go:132.38,134.17 2 0
github.com/ben1009/truss/deftree/build_deftree.go:137.3,137.49 1 0
github.com/ben1009/truss/deftree/build_deftree.go:134.17,136.4 1 0
github.com/ben1009/truss/deftree/build_deftree.go:140.40,142.17 2 0
github.com/ben1009/truss/deftree/build_deftree.go:145.3,145.54 1 0
github.com/ben1009/truss/deftree/build_deftree.go:142.17,144.4 1 0
github.com/ben1009/truss/deftree/build_deftree.go:148.37,150.17 2 0
github.com/ben1009/truss/deftree/build_deftree.go:155.3,156.54 2 0
github.com/ben1009/truss/deftree/build_deftree.go:150.17,152.4 1 0
github.com/ben1009/truss/deftree/build_deftree.go:161.39,162.32 1 0
github.com/ben1009/truss/deftree/build_deftree.go:162.32,164.34 2 0
github.com/ben1009/truss/deftree/build_deftree.go:167.4,168.18 2 0
github.com/ben1009/truss/deftree/build_deftree.go:171.4,171.18 1 0
github.com/ben1009/truss/deftree/build_deftree.go:164.34,165.13 1 0
github.com/ben1009/truss/deftree/build_deftree.go:168.18,170.5 1 0
github.com/ben1009/truss/deftree/build_deftree.go:171.18,173.5 1 0
github.com/ben1009/truss/deftree/build_deftree.go:182.72,187.38 3 0
github.com/ben1009/truss/deftree/build_deftree.go:194.2,194.22 1 0
github.com/ben1009/truss/deftree/build_deftree.go:187.38,192.3 4 0
github.com/ben1009/truss/deftree/build_deftree.go:199.73,203.34 3 0
github.com/ben1009/truss/deftree/build_deftree.go:245.2,245.21 1 0
github.com/ben1009/truss/deftree/build_deftree.go:203.34,217.66 8 0
github.com/ben1009/truss/deftree/build_deftree.go:225.3,225.63 1 0
github.com/ben1009/truss/deftree/build_deftree.go:243.3,243.51 1 0
github.com/ben1009/truss/deftree/build_deftree.go:217.66,220.81 2 0
github.com/ben1009/truss/deftree/build_deftree.go:220.81,222.5 1 0
github.com/ben1009/truss/deftree/build_deftree.go:225.63,233.11 3 0
github.com/ben1009/truss/deftree/build_deftree.go:236.4,238.18 3 0
github.com/ben1009/truss/deftree/build_deftree.go:233.11,235.5 1 0
github.com/ben1009/truss/deftree/build_deftree.go:238.18,240.5 1 0
github.com/ben1009/truss/deftree/build_deftree.go:251.102,252.20 1 0
github.com/ben1009/truss/deftree/build_deftree.go:273.2,273.49 1 0
github.com/ben1009/truss/deftree/build_deftree.go:252.20,254.33 2 0
github.com/ben1009/truss/deftree/build_deftree.go:261.3,261.40 1 0
github.com/ben1009/truss/deftree/build_deftree.go:254.33,255.38 1 0
github.com/ben1009/truss/deftree/build_deftree.go:255.38,256.34 1 0
github.com/ben1009/truss/deftree/build_deftree.go:256.34,258.6 1 0
github.com/ben1009/truss/deftree/build_deftree.go:261.40,262.33 1 0
github.com/ben1009/truss/deftree/build_deftree.go:262.33,264.5 1 0
github.com/ben1009/truss/deftree/build_deftree.go:266.8,267.40 1 0
github.com/ben1009/truss/deftree/build_deftree.go:267.40,268.29 1 0
github.com/ben1009/truss/deftree/build_deftree.go:268.29,270.5 1 0
github.com/ben1009/truss/deftree/build_deftree.go:279.91,280.20 1 0
github.com/ben1009/truss/deftree/build_deftree.go:301.2,301.17 1 0
github.com/ben1009/truss/deftree/build_deftree.go:280.20,282.33 2 0
github.com/ben1009/truss/deftree/build_deftree.go:289.3,289.32 1 0
github.com/ben1009/truss/deftree/build_deftree.go:282.33,283.35 1 0
github.com/ben1009/truss/deftree/build_deftree.go:283.35,284.34 1 0
github.com/ben1009/truss/deftree/build_deftree.go:284.34,286.6 1 0
github.com/ben1009/truss/deftree/build_deftree.go:289.32,290.33 1 0
github.com/ben1009/truss/deftree/build_deftree.go:290.33,292.5 1 0
github.com/ben1009/truss/deftree/build_deftree.go:294.8,295.32 1 0
github.com/ben1009/truss/deftree/build_deftree.go:295.32,296.29 1 0
github.com/ben1009/truss/deftree/build_deftree.go:296.29,298.5 1 0
github.com/ben1009/truss/deftree/build_deftree.go:313.59,318.35 3 0
github.com/ben1009/truss/deftree/build_deftree.go:337.2,337.21 1 0
github.com/ben1009/truss/deftree/build_deftree.go:318.35,325.34 4 0
github.com/ben1009/truss/deftree/build_deftree.go:328.3,329.35 2 0
github.com/ben1009/truss/deftree/build_deftree.go:332.3,335.52 3 0
github.com/ben1009/truss/deftree/build_deftree.go:325.34,327.4 1 0
github.com/ben1009/truss/deftree/build_deftree.go:329.35,331.4 1 0
github.com/ben1009/truss/deftree/build_deftree.go:346.68,349.14 2 0
github.com/ben1009/truss/deftree/build_deftree.go:352.2,352.11 1 0
github.com/ben1009/truss/deftree/build_deftree.go:349.14,351.3 1 0
github.com/ben1009/truss/deftree/build_deftree.go:373.74,377.39 3 0
github.com/ben1009/truss/deftree/build_deftree.go:417.2,417.16 1 0
github.com/ben1009/truss/deftree/build_deftree.go:377.39,390.38 4 0
github.com/ben1009/truss/deftree/build_deftree.go:414.3,414.37 1 0
github.com/ben1009/truss/deftree/build_deftree.go:390.38,394.33 2 0
github.com/ben1009/truss/deftree/build_deftree.go:403.4,403.44 1 0
github.com/ben1009/truss/deftree/build_deftree.go:412.4,412.46 1 0
github.com/ben1009/truss/deftree/build_deftree.go:394.33,402.5 2 0
github.com/ben1009/truss/deftree/build_deftree.go:403.44,411.5 2 0
github.com/ben1009/truss/deftree/build_deftree.go:422.79,425.16 3 0
github.com/ben1009/truss/deftree/build_deftree.go:428.2,429.16 2 0
github.com/ben1009/truss/deftree/build_deftree.go:433.2,433.42 1 0
github.com/ben1009/truss/deftree/build_deftree.go:439.2,440.16 2 0
github.com/ben1009/truss/deftree/build_deftree.go:444.2,444.12 1 0
github.com/ben1009/truss/deftree/build_deftree.go:425.16,427.3 1 0
github.com/ben1009/truss/deftree/build_deftree.go:429.16,431.3 1 0
github.com/ben1009/truss/deftree/build_deftree.go:433.42,436.3 2 0
github.com/ben1009/truss/deftree/build_deftree.go:440.16,442.3 1 0
github.com/ben1009/truss/deftree/build_deftree.go:450.63,455.42 2 0
github.com/ben1009/truss/deftree/build_deftree.go:460.2,460.47 1 0
github.com/ben1009/truss/deftree/build_deftree.go:467.2,467.11 1 0
github.com/ben1009/truss/deftree/build_deftree.go:455.42,456.33 1 0
github.com/ben1009/truss/deftree/build_deftree.go:456.33,458.4 1 0
github.com/ben1009/truss/deftree/build_deftree.go:460.47,461.33 1 0
github.com/ben1009/truss/deftree/build_deftree.go:461.33,462.36 1 0
github.com/ben1009/truss/deftree/build_deftree.go:462.36,464.5 1 0
github.com/ben1009/truss/deftree/contextualize.go:15.33,17.32 2 1
github.com/ben1009/truss/deftree/contextualize.go:30.2,30.12 1 1
github.com/ben1009/truss/deftree/contextualize.go:17.32,18.37 1 1
github.com/ben1009/truss/deftree/contextualize.go:18.37,19.37 1 1
github.com/ben1009/truss/deftree/contextualize.go:19.37,20.45 1 1
github.com/ben1009/truss/deftree/contextualize.go:20.45,22.20 2 1
github.com/ben1009/truss/deftree/contextualize.go:22.20,24.7 1 0
github.com/ben1009/truss/deftree/contextualize.go:33.82,41.35 4 1
github.com/ben1009/truss/deftree/contextualize.go:48.2,49.12 2 1
github.com/ben1009/truss/deftree/contextualize.go:41.35,47.3 5 3
github.com/ben1009/truss/deftree/contextualize.go:53.69,54.38 1 5
github.com/ben1009/truss/deftree/contextualize.go:64.2,64.39 1 5
github.com/ben1009/truss/deftree/contextualize.go:70.2,70.15 1 0
github.com/ben1009/truss/deftree/contextualize.go:54.38,55.51 1 0
github.com/ben1009/truss/deftree/contextualize.go:62.3,62.20 1 0
github.com/ben1009/truss/deftree/contextualize.go:55.51,56.28 1 0
github.com/ben1009/truss/deftree/contextualize.go:56.28,58.5 1 0
github.com/ben1009/truss/deftree/contextualize.go:58.10,58.35 1 0
github.com/ben1009/truss/deftree/contextualize.go:58.35,60.5 1 0
github.com/ben1009/truss/deftree/contextualize.go:64.39,65.21 1 5
github.com/ben1009/truss/deftree/contextualize.go:66.48,67.34 1 5
github.com/ben1009/truss/deftree/contextualize.go:73.76,75.41 2 3
github.com/ben1009/truss/deftree/contextualize.go:80.2,80.42 1 2
github.com/ben1009/truss/deftree/contextualize.go:90.2,90.16 1 1
github.com/ben1009/truss/deftree/contextualize.go:75.41,76.59 1 3
github.com/ben1009/truss/deftree/contextualize.go:76.59,78.4 1 1
github.com/ben1009/truss/deftree/contextualize.go:80.42,81.30 1 4
github.com/ben1009/truss/deftree/contextualize.go:81.30,82.29 1 2
github.com/ben1009/truss/deftree/contextualize.go:82.29,84.5 1 0
github.com/ben1009/truss/deftree/contextualize.go:84.10,84.48 1 2
github.com/ben1009/truss/deftree/contextualize.go:84.48,86.5 1 1
github.com/ben1009/truss/deftree/contextualize.go:94.57,100.27 6 4
github.com/ben1009/truss/deftree/contextualize.go:103.2,103.11 1 4
github.com/ben1009/truss/deftree/contextualize.go:100.27,102.3 1 5
github.com/ben1009/truss/deftree/deftree.go:22.69,24.29 2 0
github.com/ben1009/truss/deftree/deftree.go:27.2,27.41 1 0
github.com/ben1009/truss/deftree/deftree.go:24.29,26.3 1 0
github.com/ben1009/truss/deftree/deftree.go:78.58,82.2 3 0
github.com/ben1009/truss/deftree/deftree.go:102.54,104.2 1 0
github.com/ben1009/truss/deftree/deftree.go:106.55,108.2 1 0
github.com/ben1009/truss/deftree/deftree.go:110.61,112.2 1 0
github.com/ben1009/truss/deftree/deftree.go:114.62,117.2 1 0
github.com/ben1009/truss/deftree/deftree.go:119.64,121.36 2 0
github.com/ben1009/truss/deftree/deftree.go:125.2,125.11 1 0
github.com/ben1009/truss/deftree/deftree.go:121.36,124.3 2 0
github.com/ben1009/truss/deftree/deftree.go:129.72,130.34 1 0
github.com/ben1009/truss/deftree/deftree.go:135.2,135.12 1 0
github.com/ben1009/truss/deftree/deftree.go:130.34,131.24 1 0
github.com/ben1009/truss/deftree/deftree.go:131.24,133.4 1 0
github.com/ben1009/truss/deftree/deftree.go:146.94,149.32 3 0
github.com/ben1009/truss/deftree/deftree.go:156.2,157.12 2 0
github.com/ben1009/truss/deftree/deftree.go:149.32,151.22 2 0
github.com/ben1009/truss/deftree/deftree.go:154.3,154.22 1 0
github.com/ben1009/truss/deftree/deftree.go:151.22,153.4 1 0
github.com/ben1009/truss/deftree/deftree.go:162.53,164.2 1 0
github.com/ben1009/truss/deftree/deftree.go:175.41,177.2 1 0
github.com/ben1009/truss/deftree/deftree.go:179.42,181.2 1 0
github.com/ben1009/truss/deftree/deftree.go:183.48,185.2 1 0
github.com/ben1009/truss/deftree/deftree.go:187.49,190.2 1 0
github.com/ben1009/truss/deftree/deftree.go:192.51,194.38 2 0
github.com/ben1009/truss/deftree/deftree.go:198.2,198.38 1 0
github.com/ben1009/truss/deftree/deftree.go:202.2,202.36 1 0
github.com/ben1009/truss/deftree/deftree.go:206.2,206.11 1 0
github.com/ben1009/truss/deftree/deftree.go:194.38,197.3 2 0
github.com/ben1009/truss/deftree/deftree.go:198.38,201.3 2 0
github.com/ben1009/truss/deftree/deftree.go:202.36,205.3 2 0
github.com/ben1009/truss/deftree/deftree.go:209.59,210.36 1 0
github.com/ben1009/truss/deftree/deftree.go:215.2,215.34 1 0
github.com/ben1009/truss/deftree/deftree.go:220.2,220.36 1 0
github.com/ben1009/truss/deftree/deftree.go:225.2,225.12 1 0
github.com/ben1009/truss/deftree/deftree.go:210.36,211.28 1 0
github.com/ben1009/truss/deftree/deftree.go:211.28,213.4 1 0
github.com/ben1009/truss/deftree/deftree.go:215.34,216.29 1 0
github.com/ben1009/truss/deftree/deftree.go:216.29,218.4 1 0
github.com/ben1009/truss/deftree/deftree.go:220.36,221.28 1 0
github.com/ben1009/truss/deftree/deftree.go:221.28,223.4 1 0
github.com/ben1009/truss/deftree/deftree.go:235.44,237.2 1 0
github.com/ben1009/truss/deftree/deftree.go:239.45,241.2 1 0
github.com/ben1009/truss/deftree/deftree.go:243.51,245.2 1 0
github.com/ben1009/truss/deftree/deftree.go:247.52,250.2 1 0
github.com/ben1009/truss/deftree/deftree.go:252.54,254.38 2 0
github.com/ben1009/truss/deftree/deftree.go:258.2,258.11 1 0
github.com/ben1009/truss/deftree/deftree.go:254.38,257.3 2 0
github.com/ben1009/truss/deftree/deftree.go:261.62,262.36 1 0
github.com/ben1009/truss/deftree/deftree.go:267.2,267.12 1 0
github.com/ben1009/truss/deftree/deftree.go:262.36,263.30 1 0
github.com/ben1009/truss/deftree/deftree.go:263.30,265.4 1 0
github.com/ben1009/truss/deftree/deftree.go:282.44,284.2 1 5
github.com/ben1009/truss/deftree/deftree.go:286.45,288.2 1 3
github.com/ben1009/truss/deftree/deftree.go:290.51,292.2 1 0
github.com/ben1009/truss/deftree/deftree.go:294.52,297.2 1 0
github.com/ben1009/truss/deftree/deftree.go:299.56,301.2 1 0
github.com/ben1009/truss/deftree/deftree.go:303.54,309.2 5 0
github.com/ben1009/truss/deftree/deftree.go:318.39,320.2 1 0
github.com/ben1009/truss/deftree/deftree.go:322.40,324.2 1 0
github.com/ben1009/truss/deftree/deftree.go:326.46,328.2 1 0
github.com/ben1009/truss/deftree/deftree.go:330.47,333.2 1 0
github.com/ben1009/truss/deftree/deftree.go:335.49,337.34 2 0
github.com/ben1009/truss/deftree/deftree.go:341.2,341.11 1 0
github.com/ben1009/truss/deftree/deftree.go:337.34,340.3 2 0
github.com/ben1009/truss/deftree/deftree.go:344.57,345.31 1 0
github.com/ben1009/truss/deftree/deftree.go:350.2,350.12 1 0
github.com/ben1009/truss/deftree/deftree.go:345.31,346.22 1 0
github.com/ben1009/truss/deftree/deftree.go:346.22,348.4 1 0
github.com/ben1009/truss/deftree/deftree.go:360.41,362.2 1 0
github.com/ben1009/truss/deftree/deftree.go:364.42,366.2 1 0
github.com/ben1009/truss/deftree/deftree.go:368.48,370.2 1 0
github.com/ben1009/truss/deftree/deftree.go:372.49,375.2 1 0
github.com/ben1009/truss/deftree/deftree.go:377.51,381.2 3 0
github.com/ben1009/truss/deftree/deftree.go:383.53,385.2 1 0
github.com/ben1009/truss/deftree/deftree.go:394.41,396.2 1 3
github.com/ben1009/truss/deftree/deftree.go:398.42,400.2 1 1
github.com/ben1009/truss/deftree/deftree.go:402.48,404.2 1 0
github.com/ben1009/truss/deftree/deftree.go:406.49,409.2 1 0
github.com/ben1009/truss/deftree/deftree.go:411.51,413.2 1 0
github.com/ben1009/truss/deftree/deftree.go:415.53,417.2 1 0
github.com/ben1009/truss/deftree/deftree.go:427.44,429.2 1 0
github.com/ben1009/truss/deftree/deftree.go:431.45,433.2 1 0
github.com/ben1009/truss/deftree/deftree.go:435.51,437.2 1 0
github.com/ben1009/truss/deftree/deftree.go:439.52,442.2 1 0
github.com/ben1009/truss/deftree/deftree.go:444.54,446.38 2 0
github.com/ben1009/truss/deftree/deftree.go:450.2,450.11 1 0
github.com/ben1009/truss/deftree/deftree.go:446.38,449.3 2 0
github.com/ben1009/truss/deftree/deftree.go:453.62,454.36 1 0
github.com/ben1009/truss/deftree/deftree.go:459.2,459.12 1 0
github.com/ben1009/truss/deftree/deftree.go:454.36,455.29 1 0
github.com/ben1009/truss/deftree/deftree.go:455.29,457.4 1 0
github.com/ben1009/truss/deftree/deftree.go:471.45,473.2 1 0
github.com/ben1009/truss/deftree/deftree.go:475.46,477.2 1 0
github.com/ben1009/truss/deftree/deftree.go:479.52,481.2 1 0
github.com/ben1009/truss/deftree/deftree.go:483.53,486.2 1 0
github.com/ben1009/truss/deftree/deftree.go:488.55,494.41 5 0
github.com/ben1009/truss/deftree/deftree.go:497.2,497.11 1 0
github.com/ben1009/truss/deftree/deftree.go:494.41,496.3 1 0
github.com/ben1009/truss/deftree/deftree.go:500.63,501.40 1 0
github.com/ben1009/truss/deftree/deftree.go:504.2,504.41 1 0
github.com/ben1009/truss/deftree/deftree.go:507.2,507.12 1 0
github.com/ben1009/truss/deftree/deftree.go:501.40,503.3 1 0
github.com/ben1009/truss/deftree/deftree.go:504.41,506.3 1 0
github.com/ben1009/truss/deftree/deftree.go:521.49,523.2 1 0
github.com/ben1009/truss/deftree/deftree.go:525.50,527.2 1 0
github.com/ben1009/truss/deftree/deftree.go:529.56,531.2 1 0
github.com/ben1009/truss/deftree/deftree.go:533.57,536.2 1 0
github.com/ben1009/truss/deftree/deftree.go:538.64,540.2 1 0
github.com/ben1009/truss/deftree/deftree.go:542.59,544.36 2 0
github.com/ben1009/truss/deftree/deftree.go:547.2,547.11 1 0
github.com/ben1009/truss/deftree/deftree.go:544.36,546.3 1 0
github.com/ben1009/truss/deftree/deftree.go:563.44,565.2 1 0
github.com/ben1009/truss/deftree/deftree.go:567.45,569.2 1 0
github.com/ben1009/truss/deftree/deftree.go:571.51,573.2 1 0
github.com/ben1009/truss/deftree/deftree.go:575.52,578.2 1 0
github.com/ben1009/truss/deftree/deftree.go:580.56,582.2 1 0
github.com/ben1009/truss/deftree/deftree.go:584.54,589.2 4 0
github.com/ben1009/truss/deftree/deftree.go:604.45,606.2 1 0
github.com/ben1009/truss/deftree/deftree.go:608.46,610.2 1 0
github.com/ben1009/truss/deftree/deftree.go:612.52,614.2 1 0
github.com/ben1009/truss/deftree/deftree.go:616.53,619.2 1 0
github.com/ben1009/truss/deftree/deftree.go:621.57,623.2 1 0
github.com/ben1009/truss/deftree/deftree.go:625.55,630.2 4 0
github.com/ben1009/truss/truss/getstarted/getstarted.go:19.38,21.2 1 4
github.com/ben1009/truss/truss/getstarted/getstarted.go:23.41,30.2 5 8
github.com/ben1009/truss/truss/getstarted/getstarted.go:32.41,37.2 4 4
github.com/ben1009/truss/truss/getstarted/getstarted.go:40.40,48.16 6 0
github.com/ben1009/truss/truss/getstarted/getstarted.go:53.2,54.16 2 0
github.com/ben1009/truss/truss/getstarted/getstarted.go:59.2,60.16 2 0
github.com/ben1009/truss/truss/getstarted/getstarted.go:65.2,65.12 1 0
github.com/ben1009/truss/truss/getstarted/getstarted.go:48.16,51.3 2 0
github.com/ben1009/truss/truss/getstarted/getstarted.go:54.16,57.3 2 0
github.com/ben1009/truss/truss/getstarted/getstarted.go:60.16,63.3 2 0
github.com/ben1009/truss/truss/getstarted/getstarted.go:72.46,82.38 3 0
github.com/ben1009/truss/truss/getstarted/getstarted.go:90.2,90.13 1 0
github.com/ben1009/truss/truss/getstarted/getstarted.go:82.38,85.17 3 0
github.com/ben1009/truss/truss/getstarted/getstarted.go:88.3,88.25 1 0
github.com/ben1009/truss/truss/getstarted/getstarted.go:85.17,87.4 1 0
github.com/ben1009/truss/truss/getstarted/getstarted.go:93.85,98.16 4 0
github.com/ben1009/truss/truss/getstarted/getstarted.go:101.2,101.26 1 0
github.com/ben1009/truss/truss/getstarted/getstarted.go:98.16,100.3 1 0
github.com/ben1009/truss/gengokit/gengokit.go:55.61,66.2 1 0
github.com/ben1009/truss/gengokit/gengokit.go:69.81,71.2 1 0
github.com/ben1009/truss/gengokit/gengokit.go:75.115,77.16 2 0
github.com/ben1009/truss/gengokit/gengokit.go:81.2,83.16 3 0
github.com/ben1009/truss/gengokit/gengokit.go:87.2,87.26 1 0
github.com/ben1009/truss/gengokit/gengokit.go:77.16,79.3 1 0
github.com/ben1009/truss/gengokit/gengokit.go:83.16,85.3 1 0
github.com/ben1009/truss/gengokit/httptransport/embeddable_funcs.go:21.72,27.32 5 0
github.com/ben1009/truss/gengokit/httptransport/embeddable_funcs.go:31.2,32.24 2 0
github.com/ben1009/truss/gengokit/httptransport/embeddable_funcs.go:36.2,36.16 1 0
github.com/ben1009/truss/gengokit/httptransport/embeddable_funcs.go:27.32,29.3 1 0
github.com/ben1009/truss/gengokit/httptransport/embeddable_funcs.go:32.24,34.3 1 0
github.com/ben1009/truss/gengokit/httptransport/embeddable_funcs.go:52.51,56.31 3 0
github.com/ben1009/truss/gengokit/httptransport/embeddable_funcs.go:62.2,62.11 1 0
github.com/ben1009/truss/gengokit/httptransport/embeddable_funcs.go:56.31,57.38 1 0
github.com/ben1009/truss/gengokit/httptransport/embeddable_funcs.go:57.38,60.4 2 0
github.com/ben1009/truss/gengokit/httptransport/embeddable_funcs.go:67.38,71.2 3 1
github.com/ben1009/truss/gengokit/httptransport/get_source.go:17.54,28.16 8 1
github.com/ben1009/truss/gengokit/httptransport/get_source.go:33.2,34.37 2 1
github.com/ben1009/truss/gengokit/httptransport/get_source.go:42.2,45.16 3 1
github.com/ben1009/truss/gengokit/httptransport/get_source.go:49.2,49.27 1 1
github.com/ben1009/truss/gengokit/httptransport/get_source.go:28.16,30.3 1 0
github.com/ben1009/truss/gengokit/httptransport/get_source.go:34.37,35.27 1 4
github.com/ben1009/truss/gengokit/httptransport/get_source.go:36.22,37.35 1 3
github.com/ben1009/truss/gengokit/httptransport/get_source.go:37.35,39.5 1 1
github.com/ben1009/truss/gengokit/httptransport/get_source.go:45.16,47.3 1 0
github.com/ben1009/truss/gengokit/httptransport/get_source.go:55.57,66.16 5 1
github.com/ben1009/truss/gengokit/httptransport/get_source.go:71.2,72.37 2 1
github.com/ben1009/truss/gengokit/httptransport/get_source.go:79.2,81.29 2 1
github.com/ben1009/truss/gengokit/httptransport/get_source.go:91.2,91.16 1 1
github.com/ben1009/truss/gengokit/httptransport/get_source.go:66.16,68.3 1 0
github.com/ben1009/truss/gengokit/httptransport/get_source.go:72.37,73.27 1 4
github.com/ben1009/truss/gengokit/httptransport/get_source.go:74.22,75.30 1 3
github.com/ben1009/truss/gengokit/httptransport/get_source.go:81.29,85.17 3 3
github.com/ben1009/truss/gengokit/httptransport/get_source.go:88.3,88.29 1 3
github.com/ben1009/truss/gengokit/httptransport/get_source.go:85.17,87.4 1 0
github.com/ben1009/truss/gengokit/httptransport/httptransport.go:34.45,41.35 2 0
github.com/ben1009/truss/gengokit/httptransport/httptransport.go:47.2,47.12 1 0
github.com/ben1009/truss/gengokit/httptransport/httptransport.go:41.35,42.29 1 0
github.com/ben1009/truss/gengokit/httptransport/httptransport.go:42.29,45.4 2 0
github.com/ben1009/truss/gengokit/httptransport/httptransport.go:51.52,57.31 2 0
github.com/ben1009/truss/gengokit/httptransport/httptransport.go:62.2,62.15 1 0
github.com/ben1009/truss/gengokit/httptransport/httptransport.go:57.31,61.3 3 0
github.com/ben1009/truss/gengokit/httptransport/httptransport.go:70.61,79.39 3 0
github.com/ben1009/truss/gengokit/httptransport/httptransport.go:123.2,123.39 1 0
github.com/ben1009/truss/gengokit/httptransport/httptransport.go:185.2,185.18 1 0
github.com/ben1009/truss/gengokit/httptransport/httptransport.go:79.39,84.30 2 0
github.com/ben1009/truss/gengokit/httptransport/httptransport.go:87.3,91.46 2 0
github.com/ben1009/truss/gengokit/httptransport/httptransport.go:121.3,121.67 1 0
github.com/ben1009/truss/gengokit/httptransport/httptransport.go:84.30,85.12 1 0
github.com/ben1009/truss/gengokit/httptransport/httptransport.go:91.46,101.63 2 0
github.com/ben1009/truss/gengokit/httptransport/httptransport.go:108.4,108.59 1 0
github.com/ben1009/truss/gengokit/httptransport/httptransport.go:114.4,119.59 5 0
github.com/ben1009/truss/gengokit/httptransport/httptransport.go:101.63,103.5 1 0
github.com/ben1009/truss/gengokit/httptransport/httptransport.go:103.10,105.5 1 0
github.com/ben1009/truss/gengokit/httptransport/httptransport.go:108.59,110.5 1 0
github.com/ben1009/truss/gengokit/httptransport/httptransport.go:110.10,110.39 1 0
github.com/ben1009/truss/gengokit/httptransport/httptransport.go:110.39,112.5 1 0
github.com/ben1009/truss/gengokit/httptransport/httptransport.go:123.39,128.30 2 0
github.com/ben1009/truss/gengokit/httptransport/httptransport.go:131.3,142.83 2 0
github.com/ben1009/truss/gengokit/httptransport/httptransport.go:149.3,149.50 1 0
github.com/ben1009/truss/gengokit/httptransport/httptransport.go:156.3,163.22 5 0
github.com/ben1009/truss/gengokit/httptransport/httptransport.go:168.3,168.58 1 0
github.com/ben1009/truss/gengokit/httptransport/httptransport.go:176.3,176.55 1 0
github.com/ben1009/truss/gengokit/httptransport/httptransport.go:128.30,129.12 1 0
github.com/ben1009/truss/gengokit/httptransport/httptransport.go:142.83,144.4 1 0
github.com/ben1009/truss/gengokit/httptransport/httptransport.go:144.9,146.4 1 0
github.com/ben1009/truss/gengokit/httptransport/httptransport.go:149.50,151.4 1 0
github.com/ben1009/truss/gengokit/httptransport/httptransport.go:151.9,151.34 1 0
github.com/ben1009/truss/gengokit/httptransport/httptransport.go:151.34,153.4 1 0
github.com/ben1009/truss/gengokit/httptransport/httptransport.go:163.22,164.12 1 0
github.com/ben1009/truss/gengokit/httptransport/httptransport.go:168.58,175.4 1 0
github.com/ben1009/truss/gengokit/httptransport/httptransport.go:176.55,183.4 1 0
github.com/ben1009/truss/gengokit/httptransport/httptransport.go:188.58,190.16 2 0
github.com/ben1009/truss/gengokit/httptransport/httptransport.go:193.2,194.18 2 0
github.com/ben1009/truss/gengokit/httptransport/httptransport.go:190.16,192.3 1 0
github.com/ben1009/truss/gengokit/httptransport/httptransport.go:197.58,199.16 2 0
github.com/ben1009/truss/gengokit/httptransport/httptransport.go:202.2,203.18 2 0
github.com/ben1009/truss/gengokit/httptransport/httptransport.go:199.16,201.3 1 0
github.com/ben1009/truss/gengokit/httptransport/httptransport.go:208.53,210.16 2 1
github.com/ben1009/truss/gengokit/httptransport/httptransport.go:213.2,214.18 2 1
github.com/ben1009/truss/gengokit/httptransport/httptransport.go:210.16,212.3 1 0
github.com/ben1009/truss/gengokit/httptransport/httptransport.go:219.53,221.16 2 1
github.com/ben1009/truss/gengokit/httptransport/httptransport.go:224.2,225.18 2 1
github.com/ben1009/truss/gengokit/httptransport/httptransport.go:221.16,223.3 1 0
github.com/ben1009/truss/gengokit/httptransport/httptransport.go:242.43,244.29 2 1
github.com/ben1009/truss/gengokit/httptransport/httptransport.go:250.2,252.29 3 1
github.com/ben1009/truss/gengokit/httptransport/httptransport.go:269.2,269.11 1 1
github.com/ben1009/truss/gengokit/httptransport/httptransport.go:244.29,245.15 1 2
github.com/ben1009/truss/gengokit/httptransport/httptransport.go:245.15,247.4 1 0
github.com/ben1009/truss/gengokit/httptransport/httptransport.go:252.29,253.66 1 3
github.com/ben1009/truss/gengokit/httptransport/httptransport.go:253.66,255.50 2 1
github.com/ben1009/truss/gengokit/httptransport/httptransport.go:260.4,261.28 2 1
github.com/ben1009/truss/gengokit/httptransport/httptransport.go:255.50,258.13 3 0
github.com/ben1009/truss/gengokit/httptransport/httptransport.go:262.9,267.4 1 2
github.com/ben1009/truss/gengokit/httptransport/httptransport.go:274.55,290.26 5 2
github.com/ben1009/truss/gengokit/httptransport/httptransport.go:294.2,295.16 2 2
github.com/ben1009/truss/gengokit/httptransport/httptransport.go:298.2,299.18 2 2
github.com/ben1009/truss/gengokit/httptransport/httptransport.go:290.26,292.3 1 1
github.com/ben1009/truss/gengokit/httptransport/httptransport.go:295.16,297.3 1 0
github.com/ben1009/truss/gengokit/httptransport/httptransport.go:304.60,337.16 3 0
github.com/ben1009/truss/gengokit/httptransport/httptransport.go:340.2,341.18 2 0
github.com/ben1009/truss/gengokit/httptransport/httptransport.go:337.16,339.3 1 0
github.com/ben1009/truss/gengokit/httptransport/httptransport.go:346.54,353.16 4 0
github.com/ben1009/truss/gengokit/httptransport/httptransport.go:373.2,373.29 1 0
github.com/ben1009/truss/gengokit/httptransport/httptransport.go:379.2,379.33 1 0
github.com/ben1009/truss/gengokit/httptransport/httptransport.go:453.2,453.76 1 0
github.com/ben1009/truss/gengokit/httptransport/httptransport.go:354.16,355.53 1 0
github.com/ben1009/truss/gengokit/httptransport/httptransport.go:356.16,357.53 1 0
github.com/ben1009/truss/gengokit/httptransport/httptransport.go:358.15,359.52 1 0
github.com/ben1009/truss/gengokit/httptransport/httptransport.go:360.15,361.52 1 0
github.com/ben1009/truss/gengokit/httptransport/httptransport.go:362.14,363.45 1 0
github.com/ben1009/truss/gengokit/httptransport/httptransport.go:364.17,365.50 1 0
github.com/ben1009/truss/gengokit/httptransport/httptransport.go:366.17,367.50 1 0
github.com/ben1009/truss/gengokit/httptransport/httptransport.go:368.16,370.26 2 0
github.com/ben1009/truss/gengokit/httptransport/httptransport.go:373.29,376.3 2 0
github.com/ben1009/truss/gengokit/httptransport/httptransport.go:379.33,404.28 5 0
github.com/ben1009/truss/gengokit/httptransport/httptransport.go:408.3,439.18 3 0
github.com/ben1009/truss/gengokit/httptransport/httptransport.go:447.3,448.17 2 0
github.com/ben1009/truss/gengokit/httptransport/httptransport.go:451.3,451.21 1 0
github.com/ben1009/truss/gengokit/httptransport/httptransport.go:405.37,406.52 1 0
github.com/ben1009/truss/gengokit/httptransport/httptransport.go:439.18,441.4 1 0
github.com/ben1009/truss/gengokit/httptransport/httptransport.go:441.9,443.37 2 0
github.com/ben1009/truss/gengokit/httptransport/httptransport.go:443.37,445.5 1 0
github.com/ben1009/truss/gengokit/httptransport/httptransport.go:448.17,449.58 1 0
github.com/ben1009/truss/gengokit/httptransport/httptransport.go:460.49,461.16 1 0
github.com/ben1009/truss/gengokit/httptransport/httptransport.go:466.2,467.18 2 0
github.com/ben1009/truss/gengokit/httptransport/httptransport.go:473.2,473.14 1 0
github.com/ben1009/truss/gengokit/httptransport/httptransport.go:476.2,476.40 1 0
github.com/ben1009/truss/gengokit/httptransport/httptransport.go:461.16,465.3 1 0
github.com/ben1009/truss/gengokit/httptransport/httptransport.go:468.36,469.28 1 0
github.com/ben1009/truss/gengokit/httptransport/httptransport.go:470.10,471.15 1 0
github.com/ben1009/truss/gengokit/httptransport/httptransport.go:473.14,475.3 1 0
github.com/ben1009/truss/gengokit/httptransport/httptransport.go:479.35,480.33 1 0
github.com/ben1009/truss/gengokit/httptransport/httptransport.go:483.2,483.18 1 0
github.com/ben1009/truss/gengokit/httptransport/httptransport.go:480.33,482.3 1 0
github.com/ben1009/truss/gengokit/httptransport/httptransport.go:484.14,485.17 1 0
github.com/ben1009/truss/gengokit/httptransport/httptransport.go:486.16,487.16 1 0
github.com/ben1009/truss/gengokit/httptransport/httptransport.go:488.10,489.13 1 0
github.com/ben1009/truss/gengokit/httptransport/httptransport.go:495.35,498.2 2 0
github.com/ben1009/truss/gengokit/httptransport/httptransport.go:521.34,524.22 3 13
github.com/ben1009/truss/gengokit/httptransport/httptransport.go:529.2,529.11 1 13
github.com/ben1009/truss/gengokit/httptransport/httptransport.go:524.22,525.44 1 16
github.com/ben1009/truss/gengokit/httptransport/httptransport.go:525.44,527.4 1 16
github.com/ben1009/truss/gengokit/httptransport/httptransport.go:534.36,537.18 3 6
github.com/ben1009/truss/gengokit/httptransport/httptransport.go:540.2,543.19 4 6
github.com/ben1009/truss/gengokit/httptransport/httptransport.go:537.18,539.3 1 0
github.com/ben1009/truss/gengokit/httptransport/httptransport.go:559.107,564.16 4 4
github.com/ben1009/truss/gengokit/httptransport/httptransport.go:567.2,567.27 1 4
github.com/ben1009/truss/gengokit/httptransport/httptransport.go:564.16,566.3 1 0
github.com/ben1009/truss/gengokit/httptransport/httptransport.go:572.37,574.16 2 4
github.com/ben1009/truss/gengokit/httptransport/httptransport.go:579.2,579.26 1 4
github.com/ben1009/truss/gengokit/httptransport/httptransport.go:574.16,577.3 1 0
github.com/ben1009/truss/gengokit/generator/gen.go:24.91,26.16 2 0
github.com/ben1009/truss/gengokit/generator/gen.go:30.2,34.52 3 0
github.com/ben1009/truss/gengokit/generator/gen.go:46.2,46.26 1 0
github.com/ben1009/truss/gengokit/generator/gen.go:26.16,28.3 1 0
github.com/ben1009/truss/gengokit/generator/gen.go:34.52,39.17 3 0
github.com/ben1009/truss/gengokit/generator/gen.go:43.3,43.34 1 0
github.com/ben1009/truss/gengokit/generator/gen.go:39.17,41.4 1 0
github.com/ben1009/truss/gengokit/generator/gen.go:54.103,61.17 4 0
github.com/ben1009/truss/gengokit/generator/gen.go:88.2,89.16 2 0
github.com/ben1009/truss/gengokit/generator/gen.go:95.2,97.44 2 0
github.com/ben1009/truss/gengokit/generator/gen.go:62.34,64.17 2 0
github.com/ben1009/truss/gengokit/generator/gen.go:68.3,68.57 1 0
github.com/ben1009/truss/gengokit/generator/gen.go:71.25,73.60 2 0
github.com/ben1009/truss/gengokit/generator/gen.go:76.32,79.57 3 0
github.com/ben1009/truss/gengokit/generator/gen.go:82.10,83.70 1 0
github.com/ben1009/truss/gengokit/generator/gen.go:64.17,66.4 1 0
github.com/ben1009/truss/gengokit/generator/gen.go:68.57,70.4 1 0
github.com/ben1009/truss/gengokit/generator/gen.go:73.60,75.4 1 0
github.com/ben1009/truss/gengokit/generator/gen.go:79.57,81.4 1 0
github.com/ben1009/truss/gengokit/generator/gen.go:83.70,85.4 1 0
github.com/ben1009/truss/gengokit/generator/gen.go:89.16,91.3 1 0
github.com/ben1009/truss/gengokit/generator/gen.go:103.65,111.2 2 3
github.com/ben1009/truss/gengokit/generator/gen.go:114.84,116.16 2 0
github.com/ben1009/truss/gengokit/generator/gen.go:120.2,120.56 1 0
github.com/ben1009/truss/gengokit/generator/gen.go:116.16,118.3 1 0
github.com/ben1009/truss/gengokit/generator/gen.go:126.37,128.16 2 0
github.com/ben1009/truss/gengokit/generator/gen.go:134.2,134.18 1 0
github.com/ben1009/truss/gengokit/generator/gen.go:128.16,132.3 2 0
github.com/ben1009/truss/svcdef/consolidate_http.go:21.38,24.2 2 0
github.com/ben1009/truss/svcdef/consolidate_http.go:26.28,27.77 1 0
github.com/ben1009/truss/svcdef/consolidate_http.go:30.2,30.14 1 0
github.com/ben1009/truss/svcdef/consolidate_http.go:27.77,29.3 1 0
github.com/ben1009/truss/svcdef/consolidate_http.go:39.73,40.35 1 4
github.com/ben1009/truss/svcdef/consolidate_http.go:60.2,60.12 1 4
github.com/ben1009/truss/svcdef/consolidate_http.go:40.35,43.17 3 2
github.com/ben1009/truss/svcdef/consolidate_http.go:55.3,56.17 2 2
github.com/ben1009/truss/svcdef/consolidate_http.go:43.17,44.28 1 0
github.com/ben1009/truss/svcdef/consolidate_http.go:53.4,53.90 1 0
github.com/ben1009/truss/svcdef/consolidate_http.go:44.28,49.5 2 0
github.com/ben1009/truss/svcdef/consolidate_http.go:49.10,49.25 1 0
github.com/ben1009/truss/svcdef/consolidate_http.go:49.25,50.13 1 0
github.com/ben1009/truss/svcdef/consolidate_http.go:56.17,58.4 1 0
github.com/ben1009/truss/svcdef/consolidate_http.go:66.72,67.51 1 2
github.com/ben1009/truss/svcdef/consolidate_http.go:80.2,80.78 1 2
github.com/ben1009/truss/svcdef/consolidate_http.go:98.2,98.37 1 2
github.com/ben1009/truss/svcdef/consolidate_http.go:107.2,107.12 1 2
github.com/ben1009/truss/svcdef/consolidate_http.go:67.51,68.33 1 5
github.com/ben1009/truss/svcdef/consolidate_http.go:75.3,75.13 1 0
github.com/ben1009/truss/svcdef/consolidate_http.go:68.33,71.39 1 11
github.com/ben1009/truss/svcdef/consolidate_http.go:71.39,73.5 1 5
github.com/ben1009/truss/svcdef/consolidate_http.go:80.78,86.36 5 5
github.com/ben1009/truss/svcdef/consolidate_http.go:92.3,93.47 2 5
github.com/ben1009/truss/svcdef/consolidate_http.go:86.36,91.4 4 66
github.com/ben1009/truss/svcdef/consolidate_http.go:98.37,100.15 2 5
github.com/ben1009/truss/svcdef/consolidate_http.go:103.3,103.41 1 5
github.com/ben1009/truss/svcdef/consolidate_http.go:100.15,102.4 1 0
github.com/ben1009/truss/svcdef/consolidate_http.go:103.41,105.4 1 5
github.com/ben1009/truss/svcdef/consolidate_http.go:115.72,116.38 1 72
github.com/ben1009/truss/svcdef/consolidate_http.go:126.2,126.39 1 72
github.com/ben1009/truss/svcdef/consolidate_http.go:132.2,132.15 1 0
github.com/ben1009/truss/svcdef/consolidate_http.go:116.38,117.51 1 0
github.com/ben1009/truss/svcdef/consolidate_http.go:124.3,124.20 1 0
github.com/ben1009/truss/svcdef/consolidate_http.go:117.51,118.28 1 0
github.com/ben1009/truss/svcdef/consolidate_http.go:118.28,120.5 1 0
github.com/ben1009/truss/svcdef/consolidate_http.go:120.10,120.35 1 0
github.com/ben1009/truss/svcdef/consolidate_http.go:120.35,122.5 1 0
github.com/ben1009/truss/svcdef/consolidate_http.go:126.39,127.21 1 72
github.com/ben1009/truss/svcdef/consolidate_http.go:128.48,129.34 1 72
github.com/ben1009/truss/svcdef/consolidate_http.go:137.72,139.35 2 66
github.com/ben1009/truss/svcdef/consolidate_http.go:146.2,146.42 1 66
github.com/ben1009/truss/svcdef/consolidate_http.go:160.2,160.16 1 34
github.com/ben1009/truss/svcdef/consolidate_http.go:139.35,142.66 1 0
github.com/ben1009/truss/svcdef/consolidate_http.go:142.66,144.4 1 0
github.com/ben1009/truss/svcdef/consolidate_http.go:146.42,147.30 1 101
github.com/ben1009/truss/svcdef/consolidate_http.go:147.30,148.29 1 35
github.com/ben1009/truss/svcdef/consolidate_http.go:148.29,150.5 1 31
github.com/ben1009/truss/svcdef/consolidate_http.go:150.10,150.43 1 4
github.com/ben1009/truss/svcdef/consolidate_http.go:150.43,154.5 1 0
github.com/ben1009/truss/svcdef/consolidate_http.go:154.10,154.83 1 4
github.com/ben1009/truss/svcdef/consolidate_http.go:154.83,156.5 1 1
github.com/ben1009/truss/svcdef/consolidate_http.go:164.60,170.27 6 67
github.com/ben1009/truss/svcdef/consolidate_http.go:173.2,173.11 1 67
github.com/ben1009/truss/svcdef/consolidate_http.go:170.27,172.3 1 2
github.com/ben1009/truss/svcdef/newfromstring.go:16.66,22.16 4 3
github.com/ben1009/truss/svcdef/newfromstring.go:25.2,30.16 4 3
github.com/ben1009/truss/svcdef/newfromstring.go:35.2,36.16 2 3
github.com/ben1009/truss/svcdef/newfromstring.go:39.2,42.16 3 0
github.com/ben1009/truss/svcdef/newfromstring.go:45.2,54.16 5 0
github.com/ben1009/truss/svcdef/newfromstring.go:58.2,58.16 1 0
github.com/ben1009/truss/svcdef/newfromstring.go:22.16,24.3 1 0
github.com/ben1009/truss/svcdef/newfromstring.go:30.16,32.3 1 0
github.com/ben1009/truss/svcdef/newfromstring.go:36.16,38.3 1 3
github.com/ben1009/truss/svcdef/newfromstring.go:42.16,44.3 1 0
github.com/ben1009/truss/svcdef/newfromstring.go:54.16,56.3 1 0
github.com/ben1009/truss/svcdef/resolvetypes.go:12.48,14.32 2 6
github.com/ben1009/truss/svcdef/resolvetypes.go:17.2,17.29 1 6
github.com/ben1009/truss/svcdef/resolvetypes.go:20.2,20.11 1 6
github.com/ben1009/truss/svcdef/resolvetypes.go:14.32,16.3 1 26
github.com/ben1009/truss/svcdef/resolvetypes.go:17.29,19.3 1 5
github.com/ben1009/truss/svcdef/resolvetypes.go:26.31,28.32 2 4
github.com/ben1009/truss/svcdef/resolvetypes.go:33.2,33.23 1 4
github.com/ben1009/truss/svcdef/resolvetypes.go:28.32,29.30 1 20
github.com/ben1009/truss/svcdef/resolvetypes.go:29.30,31.4 1 85
github.com/ben1009/truss/svcdef/resolvetypes.go:33.23,34.40 1 2
github.com/ben1009/truss/svcdef/resolvetypes.go:34.40,37.4 2 5
github.com/ben1009/truss/svcdef/resolvetypes.go:42.53,44.18 1 95
github.com/ben1009/truss/svcdef/resolvetypes.go:49.2,50.9 2 95
github.com/ben1009/truss/svcdef/resolvetypes.go:53.2,53.9 1 36
github.com/ben1009/truss/svcdef/resolvetypes.go:44.18,45.31 1 56
github.com/ben1009/truss/svcdef/resolvetypes.go:45.31,47.4 1 3
github.com/ben1009/truss/svcdef/resolvetypes.go:50.9,52.3 1 59
github.com/ben1009/truss/svcdef/resolvetypes.go:54.25,55.22 1 5
github.com/ben1009/truss/svcdef/resolvetypes.go:56.28,57.28 1 31
github.com/ben1009/truss/svcdef/svcdef.go:136.62,138.30 2 4
github.com/ben1009/truss/svcdef/svcdef.go:149.2,149.16 1 4
github.com/ben1009/truss/svcdef/svcdef.go:138.30,139.31 1 173
github.com/ben1009/truss/svcdef/svcdef.go:140.21,141.38 1 45
github.com/ben1009/truss/svcdef/svcdef.go:141.38,142.30 1 50
github.com/ben1009/truss/svcdef/svcdef.go:143.24,144.25 1 27
github.com/ben1009/truss/svcdef/svcdef.go:165.53,166.15 1 0
github.com/ben1009/truss/svcdef/svcdef.go:166.15,168.3 1 0
github.com/ben1009/truss/svcdef/svcdef.go:168.8,170.3 1 0
github.com/ben1009/truss/svcdef/svcdef.go:181.74,187.2 1 0
github.com/ben1009/truss/svcdef/svcdef.go:189.40,191.2 1 0
github.com/ben1009/truss/svcdef/svcdef.go:193.43,195.2 1 0
github.com/ben1009/truss/svcdef/svcdef.go:201.90,204.36 2 4
github.com/ben1009/truss/svcdef/svcdef.go:320.2,322.16 3 4
github.com/ben1009/truss/svcdef/svcdef.go:326.2,326.17 1 4
github.com/ben1009/truss/svcdef/svcdef.go:204.36,207.17 3 4
github.com/ben1009/truss/svcdef/svcdef.go:210.3,217.17 4 4
github.com/ben1009/truss/svcdef/svcdef.go:222.3,224.31 2 4
github.com/ben1009/truss/svcdef/svcdef.go:253.3,255.23 2 4
github.com/ben1009/truss/svcdef/svcdef.go:293.3,293.31 1 4
github.com/ben1009/truss/svcdef/svcdef.go:207.17,209.4 1 0
github.com/ben1009/truss/svcdef/svcdef.go:217.17,219.4 1 0
github.com/ben1009/truss/svcdef/svcdef.go:224.31,225.25 1 27
github.com/ben1009/truss/svcdef/svcdef.go:226.28,232.50 1 3
github.com/ben1009/truss/svcdef/svcdef.go:245.5,246.19 2 2
github.com/ben1009/truss/svcdef/svcdef.go:249.5,249.22 1 2
github.com/ben1009/truss/svcdef/svcdef.go:232.50,234.46 1 1
github.com/ben1009/truss/svcdef/svcdef.go:238.6,238.51 1 1
github.com/ben1009/truss/svcdef/svcdef.go:243.6,243.11 1 1
github.com/ben1009/truss/svcdef/svcdef.go:234.46,236.12 2 0
github.com/ben1009/truss/svcdef/svcdef.go:238.51,242.7 1 0
github.com/ben1009/truss/svcdef/svcdef.go:246.19,248.6 1 0
github.com/ben1009/truss/svcdef/svcdef.go:255.23,256.36 1 4
github.com/ben1009/truss/svcdef/svcdef.go:268.4,268.32 1 4
github.com/ben1009/truss/svcdef/svcdef.go:256.36,257.29 1 173
github.com/ben1009/truss/svcdef/svcdef.go:258.24,259.50 1 128
github.com/ben1009/truss/svcdef/svcdef.go:259.50,263.7 3 0
github.com/ben1009/truss/svcdef/svcdef.go:268.32,269.26 1 27
github.com/ben1009/truss/svcdef/svcdef.go:270.26,272.30 1 21
github.com/ben1009/truss/svcdef/svcdef.go:276.6,277.13 2 20
github.com/ben1009/truss/svcdef/svcdef.go:280.6,281.20 2 0
github.com/ben1009/truss/svcdef/svcdef.go:284.6,288.46 3 0
github.com/ben1009/truss/svcdef/svcdef.go:272.30,273.12 1 1
github.com/ben1009/truss/svcdef/svcdef.go:277.13,278.12 1 20
github.com/ben1009/truss/svcdef/svcdef.go:281.20,283.7 1 0
github.com/ben1009/truss/svcdef/svcdef.go:293.31,294.34 1 27
github.com/ben1009/truss/svcdef/svcdef.go:295.20,296.30 1 3
github.com/ben1009/truss/svcdef/svcdef.go:303.25,305.29 1 21
github.com/ben1009/truss/svcdef/svcdef.go:309.5,309.45 1 20
github.com/ben1009/truss/svcdef/svcdef.go:312.5,313.19 2 20
github.com/ben1009/truss/svcdef/svcdef.go:316.5,316.44 1 20
github.com/ben1009/truss/svcdef/svcdef.go:296.30,298.20 2 3
github.com/ben1009/truss/svcdef/svcdef.go:301.6,301.39 1 3
github.com/ben1009/truss/svcdef/svcdef.go:298.20,300.7 1 0
github.com/ben1009/truss/svcdef/svcdef.go:305.29,306.11 1 1
github.com/ben1009/truss/svcdef/svcdef.go:309.45,310.11 1 0
github.com/ben1009/truss/svcdef/svcdef.go:313.19,315.6 1 0
github.com/ben1009/truss/svcdef/svcdef.go:322.16,324.3 1 0
github.com/ben1009/truss/svcdef/svcdef.go:329.46,333.2 1 3
github.com/ben1009/truss/svcdef/svcdef.go:337.52,343.38 3 20
github.com/ben1009/truss/svcdef/svcdef.go:354.2,354.16 1 20
github.com/ben1009/truss/svcdef/svcdef.go:343.38,344.49 1 85
github.com/ben1009/truss/svcdef/svcdef.go:347.3,348.17 2 85
github.com/ben1009/truss/svcdef/svcdef.go:351.3,351.40 1 85
github.com/ben1009/truss/svcdef/svcdef.go:344.49,345.12 1 0
github.com/ben1009/truss/svcdef/svcdef.go:348.17,350.4 1 0
github.com/ben1009/truss/svcdef/svcdef.go:371.39,382.33 6 56
github.com/ben1009/truss/svcdef/svcdef.go:391.2,393.16 2 56
github.com/ben1009/truss/svcdef/svcdef.go:382.33,383.25 1 59
github.com/ben1009/truss/svcdef/svcdef.go:384.19,385.31 1 56
github.com/ben1009/truss/svcdef/svcdef.go:386.22,388.21 2 3
github.com/ben1009/truss/svcdef/svcdef.go:398.69,403.38 3 2
github.com/ben1009/truss/svcdef/svcdef.go:410.2,410.16 1 2
github.com/ben1009/truss/svcdef/svcdef.go:403.38,405.17 2 5
github.com/ben1009/truss/svcdef/svcdef.go:408.3,408.41 1 5
github.com/ben1009/truss/svcdef/svcdef.go:405.17,407.4 1 0
github.com/ben1009/truss/svcdef/svcdef.go:416.78,421.9 3 5
github.com/ben1009/truss/svcdef/svcdef.go:425.2,440.59 5 5
github.com/ben1009/truss/svcdef/svcdef.go:461.2,463.16 3 5
github.com/ben1009/truss/svcdef/svcdef.go:466.2,467.16 2 5
github.com/ben1009/truss/svcdef/svcdef.go:471.2,471.16 1 5
github.com/ben1009/truss/svcdef/svcdef.go:421.9,423.3 1 0
github.com/ben1009/truss/svcdef/svcdef.go:440.59,442.10 2 10
github.com/ben1009/truss/svcdef/svcdef.go:446.3,447.32 2 10
github.com/ben1009/truss/svcdef/svcdef.go:455.3,458.9 1 10
github.com/ben1009/truss/svcdef/svcdef.go:442.10,444.4 1 0
github.com/ben1009/truss/svcdef/svcdef.go:448.26,449.43 1 0
github.com/ben1009/truss/svcdef/svcdef.go:450.19,451.39 1 10
github.com/ben1009/truss/svcdef/svcdef.go:452.11,453.147 1 0
github.com/ben1009/truss/svcdef/svcdef.go:463.16,465.3 1 0
github.com/ben1009/truss/svcdef/svcdef.go:467.16,469.3 1 0
github.com/ben1009/truss/svcdef/svcdef.go:477.45,499.40 3 85
github.com/ben1009/truss/svcdef/svcdef.go:537.2,538.16 2 85
github.com/ben1009/truss/svcdef/svcdef.go:541.2,541.16 1 85
github.com/ben1009/truss/svcdef/svcdef.go:499.40,500.19 1 115
github.com/ben1009/truss/svcdef/svcdef.go:512.3,512.25 1 115
github.com/ben1009/truss/svcdef/svcdef.go:535.3,535.13 1 115
github.com/ben1009/truss/svcdef/svcdef.go:500.19,503.27 3 93
github.com/ben1009/truss/svcdef/svcdef.go:503.27,504.59 1 93
github.com/ben1009/truss/svcdef/svcdef.go:504.59,506.6 1 89
github.com/ben1009/truss/svcdef/svcdef.go:506.11,506.66 1 4
github.com/ben1009/truss/svcdef/svcdef.go:506.66,508.6 1 4
github.com/ben1009/truss/svcdef/svcdef.go:513.19,515.40 2 29
github.com/ben1009/truss/svcdef/svcdef.go:518.22,520.22 2 18
github.com/ben1009/truss/svcdef/svcdef.go:521.23,523.25 1 12
github.com/ben1009/truss/svcdef/svcdef.go:526.4,527.24 2 12
github.com/ben1009/truss/svcdef/svcdef.go:528.21,530.18 2 56
github.com/ben1009/truss/svcdef/svcdef.go:533.4,533.20 1 56
github.com/ben1009/truss/svcdef/svcdef.go:515.40,517.5 1 0
github.com/ben1009/truss/svcdef/svcdef.go:523.25,525.5 1 0
github.com/ben1009/truss/svcdef/svcdef.go:530.18,532.5 1 0
github.com/ben1009/truss/svcdef/svcdef.go:538.16,540.3 1 0
github.com/ben1009/truss/gengokit/handlers/handlers.go:30.76,36.17 5 0
github.com/ben1009/truss/gengokit/handlers/handlers.go:40.2,42.87 3 0
github.com/ben1009/truss/gengokit/handlers/handlers.go:46.2,46.16 1 0
github.com/ben1009/truss/gengokit/handlers/handlers.go:36.17,38.3 1 0
github.com/ben1009/truss/gengokit/handlers/handlers.go:42.87,44.3 1 0
github.com/ben1009/truss/gengokit/handlers/handlers.go:53.60,55.26 2 0
github.com/ben1009/truss/gengokit/handlers/handlers.go:58.2,58.13 1 0
github.com/ben1009/truss/gengokit/handlers/handlers.go:55.26,57.3 1 0
github.com/ben1009/truss/gengokit/handlers/handlers.go:75.80,76.32 1 0
github.com/ben1009/truss/gengokit/handlers/handlers.go:79.2,79.18 1 0
github.com/ben1009/truss/gengokit/handlers/handlers.go:85.2,98.22 5 0
github.com/ben1009/truss/gengokit/handlers/handlers.go:102.2,102.27 1 0
github.com/ben1009/truss/gengokit/handlers/handlers.go:109.2,110.16 2 0
github.com/ben1009/truss/gengokit/handlers/handlers.go:115.2,116.16 2 0
github.com/ben1009/truss/gengokit/handlers/handlers.go:120.2,120.49 1 0
github.com/ben1009/truss/gengokit/handlers/handlers.go:124.2,124.18 1 0
github.com/ben1009/truss/gengokit/handlers/handlers.go:76.32,78.3 1 0
github.com/ben1009/truss/gengokit/handlers/handlers.go:79.18,81.3 1 0
github.com/ben1009/truss/gengokit/handlers/handlers.go:98.22,100.3 1 0
github.com/ben1009/truss/gengokit/handlers/handlers.go:102.27,106.3 2 0
github.com/ben1009/truss/gengokit/handlers/handlers.go:110.16,112.3 1 0
github.com/ben1009/truss/gengokit/handlers/handlers.go:116.16,118.3 1 0
github.com/ben1009/truss/gengokit/handlers/handlers.go:120.49,122.3 1 0
github.com/ben1009/truss/gengokit/handlers/handlers.go:127.51,130.16 3 0
github.com/ben1009/truss/gengokit/handlers/handlers.go:134.2,134.18 1 0
github.com/ben1009/truss/gengokit/handlers/handlers.go:130.16,132.3 1 0
github.com/ben1009/truss/gengokit/handlers/handlers.go:148.76,150.26 2 0
github.com/ben1009/truss/gengokit/handlers/handlers.go:171.2,171.17 1 0
github.com/ben1009/truss/gengokit/handlers/handlers.go:150.26,151.24 1 0
github.com/ben1009/truss/gengokit/handlers/handlers.go:152.22,155.52 2 0
github.com/ben1009/truss/gengokit/handlers/handlers.go:161.4,161.44 1 0
github.com/ben1009/truss/gengokit/handlers/handlers.go:167.11,168.34 1 0
github.com/ben1009/truss/gengokit/handlers/handlers.go:155.52,159.13 3 0
github.com/ben1009/truss/gengokit/handlers/handlers.go:161.44,166.5 4 0
github.com/ben1009/truss/gengokit/handlers/handlers.go:176.61,177.36 1 0
github.com/ben1009/truss/gengokit/handlers/handlers.go:182.2,182.67 1 0
github.com/ben1009/truss/gengokit/handlers/handlers.go:177.36,181.3 2 0
github.com/ben1009/truss/gengokit/handlers/handlers.go:187.62,188.37 1 0
github.com/ben1009/truss/gengokit/handlers/handlers.go:193.2,193.69 1 0
github.com/ben1009/truss/gengokit/handlers/handlers.go:188.37,192.3 2 0
github.com/ben1009/truss/gengokit/handlers/handlers.go:197.52,199.45 1 3
github.com/ben1009/truss/gengokit/handlers/handlers.go:203.2,203.49 1 3
github.com/ben1009/truss/gengokit/handlers/handlers.go:199.45,201.3 1 1
github.com/ben1009/truss/gengokit/handlers/handlers.go:203.49,206.3 1 2
github.com/ben1009/truss/gengokit/handlers/handlers.go:211.69,213.27 2 0
github.com/ben1009/truss/gengokit/handlers/handlers.go:219.2,221.14 2 0
github.com/ben1009/truss/gengokit/handlers/handlers.go:227.2,228.32 2 0
github.com/ben1009/truss/gengokit/handlers/handlers.go:234.2,237.13 2 0
github.com/ben1009/truss/gengokit/handlers/handlers.go:213.27,217.3 2 0
github.com/ben1009/truss/gengokit/handlers/handlers.go:221.14,225.3 2 0
github.com/ben1009/truss/gengokit/handlers/handlers.go:228.32,232.3 2 0
github.com/ben1009/truss/gengokit/handlers/handlers.go:243.51,245.28 1 5
github.com/ben1009/truss/gengokit/handlers/handlers.go:250.2,250.38 1 4
github.com/ben1009/truss/gengokit/handlers/handlers.go:245.28,248.3 2 1
github.com/ben1009/truss/gengokit/handlers/handlers.go:255.36,258.45 2 7
github.com/ben1009/truss/gengokit/handlers/handlers.go:263.2,263.49 1 7
github.com/ben1009/truss/gengokit/handlers/handlers.go:276.2,276.44 1 3
github.com/ben1009/truss/gengokit/handlers/handlers.go:280.2,280.11 1 0
github.com/ben1009/truss/gengokit/handlers/handlers.go:258.45,261.3 2 3
github.com/ben1009/truss/gengokit/handlers/handlers.go:263.49,265.46 1 4
github.com/ben1009/truss/gengokit/handlers/handlers.go:269.3,269.43 1 4
github.com/ben1009/truss/gengokit/handlers/handlers.go:272.3,272.12 1 0
github.com/ben1009/truss/gengokit/handlers/handlers.go:265.46,267.4 1 0
github.com/ben1009/truss/gengokit/handlers/handlers.go:269.43,271.4 1 4
github.com/ben1009/truss/gengokit/handlers/handlers.go:276.44,278.3 1 3
github.com/ben1009/truss/gengokit/handlers/handlers.go:283.63,286.2 2 0
github.com/ben1009/truss/gengokit/handlers/handlers.go:288.65,290.2 1 0
github.com/ben1009/truss/gengokit/handlers/hooks.go:14.50,18.2 1 0
github.com/ben1009/truss/gengokit/handlers/hooks.go:26.76,27.19 1 0
github.com/ben1009/truss/gengokit/handlers/hooks.go:27.19,29.3 1 0
github.com/ben1009/truss/gengokit/handlers/hooks.go:29.8,31.3 1 0
github.com/ben1009/truss/gengokit/handlers/middlewares.go:16.36,20.2 2 0
github.com/ben1009/truss/gengokit/handlers/middlewares.go:29.44,31.2 1 0
github.com/ben1009/truss/gengokit/handlers/middlewares.go:36.83,37.29 1 0
github.com/ben1009/truss/gengokit/handlers/middlewares.go:40.2,40.19 1 0
github.com/ben1009/truss/gengokit/handlers/middlewares.go:43.2,43.65 1 0
github.com/ben1009/truss/gengokit/handlers/middlewares.go:37.29,39.3 1 0
github.com/ben1009/truss/gengokit/handlers/middlewares.go:40.19,42.3 1 0
github.com/ben1009/truss/truss/parsesvcname/parsesvcname.go:20.73,23.16 3 5
github.com/ben1009/truss/truss/parsesvcname/parsesvcname.go:26.2,27.16 2 5
github.com/ben1009/truss/truss/parsesvcname/parsesvcname.go:32.2,33.34 2 3
github.com/ben1009/truss/truss/parsesvcname/parsesvcname.go:41.2,41.66 1 3
github.com/ben1009/truss/truss/parsesvcname/parsesvcname.go:52.2,53.16 2 3
github.com/ben1009/truss/truss/parsesvcname/parsesvcname.go:56.2,57.16 2 3
github.com/ben1009/truss/truss/parsesvcname/parsesvcname.go:61.2,62.16 2 3
github.com/ben1009/truss/truss/parsesvcname/parsesvcname.go:66.2,66.23 1 3
github.com/ben1009/truss/truss/parsesvcname/parsesvcname.go:70.2,70.29 1 3
github.com/ben1009/truss/truss/parsesvcname/parsesvcname.go:23.16,25.3 1 0
github.com/ben1009/truss/truss/parsesvcname/parsesvcname.go:27.16,29.3 1 2
github.com/ben1009/truss/truss/parsesvcname/parsesvcname.go:33.34,38.3 4 3
github.com/ben1009/truss/truss/parsesvcname/parsesvcname.go:41.66,43.27 2 6
github.com/ben1009/truss/truss/parsesvcname/parsesvcname.go:50.3,50.17 1 6
github.com/ben1009/truss/truss/parsesvcname/parsesvcname.go:43.27,45.18 2 6
github.com/ben1009/truss/truss/parsesvcname/parsesvcname.go:48.4,48.18 1 6
github.com/ben1009/truss/truss/parsesvcname/parsesvcname.go:45.18,47.5 1 0
github.com/ben1009/truss/truss/parsesvcname/parsesvcname.go:53.16,55.3 1 0
github.com/ben1009/truss/truss/parsesvcname/parsesvcname.go:57.16,59.3 1 0
github.com/ben1009/truss/truss/parsesvcname/parsesvcname.go:62.16,64.3 1 0
github.com/ben1009/truss/truss/parsesvcname/parsesvcname.go:66.23,68.3 1 0
github.com/ben1009/truss/truss/parsesvcname/parsesvcname.go:73.80,75.16 2 4
github.com/ben1009/truss/truss/parsesvcname/parsesvcname.go:79.2,82.38 3 4
github.com/ben1009/truss/truss/parsesvcname/parsesvcname.go:98.2,98.41 1 4
github.com/ben1009/truss/truss/parsesvcname/parsesvcname.go:75.16,77.3 1 0
github.com/ben1009/truss/truss/parsesvcname/parsesvcname.go:82.38,84.17 2 4
github.com/ben1009/truss/truss/parsesvcname/parsesvcname.go:87.3,88.17 2 4
github.com/ben1009/truss/truss/parsesvcname/parsesvcname.go:91.3,93.17 3 4
github.com/ben1009/truss/truss/parsesvcname/parsesvcname.go:96.3,96.46 1 4
github.com/ben1009/truss/truss/parsesvcname/parsesvcname.go:84.17,86.4 1 0
github.com/ben1009/truss/truss/parsesvcname/parsesvcname.go:88.17,90.4 1 0
github.com/ben1009/truss/truss/parsesvcname/parsesvcname.go:93.17,95.4 1 0
